Start auto log messages stack - Iteration 17.
Action.c(237): Found resource "https://yastatic.net/s3/liza/_/csw.js" in HTML "https://mail.yandex.ru/"  	[MsgId: MMSG-26659]
Action.c(237): Found resource "https://yastatic.net/s3/liza/_/30cc63fb090af82891f9-bootstrap.js" in HTML "https://mail.yandex.ru/"  	[MsgId: MMSG-26659]
Action.c(237): Found resource "https://yastatic.net/jquery/1.12.4/jquery.min.js" in HTML "https://mail.yandex.ru/"  	[MsgId: MMSG-26659]
Action.c(237): web_url("redirect") was successful, 246475 body bytes, 9861 header bytes, 150 chunking overhead bytes  	[MsgId: MMSG-26385]
Action.c(247): web_convert_param started  	[MsgId: MMSG-26355]
Action.c(247): web_convert_param was successful  	[MsgId: MMSG-26392]
Action.c(258): web_websocket_connect started  	[MsgId: MMSG-26355]
Action.c(258): Error -27792: Failed to connect to server "mail.yandex.ru:443": [10060] Connection timed out  	[MsgId: MERR-27792]
End auto log messages stack.


Start auto log messages stack - Iteration 20.
Action.c(38): Notify: Transaction "0_homepage" ended with a "Pass" status (Duration: 6,1435 Wasted Time: 0,0035).
Action.c(45): Notify: Transaction "1_login" started.
Action.c(54): web_reg_save_param_ex started  	[MsgId: MMSG-26355]
Action.c(54): Registering web_reg_save_param_ex was successful  	[MsgId: MMSG-26390]
Action.c(69): web_reg_save_param_ex started  	[MsgId: MMSG-26355]
Action.c(69): Registering web_reg_save_param_ex was successful  	[MsgId: MMSG-26390]
Action.c(84): web_reg_save_param_ex started  	[MsgId: MMSG-26355]
Action.c(84): Registering web_reg_save_param_ex was successful  	[MsgId: MMSG-26390]
Action.c(93): web_url("auth") started  	[MsgId: MMSG-26355]
Action.c(93): Error -27792: Failed to connect to server "passport.yandex.ru:443": [10060] Connection timed out  	[MsgId: MERR-27792]
Action.c(93): Error -35061: No match found for the requested parameter "csrf_token". Either the specified boundaries were not found in the response or the matched text is longer than current max html parameter size of 256 bytes. The total length of the response is 0 bytes. You can use "web_set_max_html_param_len" to increase the max parameter size.  	[MsgId: MERR-35061]
Action.c(93): Error -35061: No match found for the requested parameter "process_uuid". Either the specified boundaries were not found in the response or the matched text is longer than current max html parameter size of 256 bytes. The total length of the response is 0 bytes. You can use "web_set_max_html_param_len" to increase the max parameter size.  	[MsgId: MERR-35061]
Action.c(93): Error -35061: No match found for the requested parameter "reqid_1". Either the specified boundaries were not found in the response or the matched text is longer than current max html parameter size of 256 bytes. The total length of the response is 0 bytes. You can use "web_set_max_html_param_len" to increase the max parameter size.  	[MsgId: MERR-35061]
End auto log messages stack.


Start auto log messages stack - Iteration 22.
Starting action Action.
Action.c(3): Notify: Transaction "0_homepage" started.
Action.c(5): web_set_sockets_option started  	[MsgId: MMSG-26355]
Action.c(5): web_set_sockets_option was successful  	[MsgId: MMSG-26392]
Action.c(13): web_reg_save_param_ex started  	[MsgId: MMSG-26355]
Action.c(13): Registering web_reg_save_param_ex was successful  	[MsgId: MMSG-26390]
Action.c(23): web_reg_find started  	[MsgId: MMSG-26355]
Action.c(23): Registering web_reg_find was successful  	[MsgId: MMSG-26390]
Action.c(27): web_url("mail.yandex.ru") started  	[MsgId: MMSG-26355]
Action.c(27): Error -27792: Failed to connect to server "mail.yandex.ru:80": [10060] Connection timed out  	[MsgId: MERR-27792]
Action.c(27): Error -35061: No match found for the requested parameter "yu". Either the specified boundaries were not found in the response or the matched text is longer than current max html parameter size of 256 bytes. The total length of the response is 0 bytes. You can use "web_set_max_html_param_len" to increase the max parameter size.  	[MsgId: MERR-35061]
Action.c(27): Error -26366: "Text=Яндекс.Почта" not found for web_reg_find  	[MsgId: MERR-26366]
Action.c(27): Error -26374: The above "not found" error(s) may be explained by header and body byte counts being 0 and 0, respectively.  	[MsgId: MERR-26374]
End auto log messages stack.


Start auto log messages stack - Iteration 27.
Action.c(382): web_reg_save_param_ex started  	[MsgId: MMSG-26355]
Action.c(382): Registering web_reg_save_param_ex was successful  	[MsgId: MMSG-26390]
Action.c(392): web_url("mail.yandex.ru_2") started  	[MsgId: MMSG-26355]
Action.c(392): Connection to yastatic.net:443 closed after being inactive for 74 seconds, exceeding the "HTTP Keep-Alive timeout" Runtime Setting (60 seconds). URL="[None]"  	[MsgId: MMSG-27648]
Action.c(392): Redirecting "https://mail.yandex.ru/?uid=337788035" (redirection depth is 0)  	[MsgId: MMSG-26694]
Action.c(392): To location "https://passport.yandex.ru/auth?from=mail&origin=hostroot_homer_auth_L_ru&retpath=https%3A%2F%2Fmail.yandex.ru%2F%3Fuid%3D337788035&backpath=https%3A%2F%2Fmail.yandex.ru%3Fnoretpath%3D1"  	[MsgId: MMSG-26693]
Action.c(392): Error -27792: Failed to connect to server "passport.yandex.ru:443": [10060] Connection timed out  	[MsgId: MERR-27792]
Action.c(392): Error -35061: No match found for the requested parameter "reqid_2". Either the specified boundaries were not found in the response or the matched text is longer than current max html parameter size of 256 bytes. The total length of the response is 207 bytes. You can use "web_set_max_html_param_len" to increase the max parameter size.  	[MsgId: MERR-35061]
End auto log messages stack.


Start auto log messages stack - Iteration 23.
Action.c(5): web_set_sockets_option started  	[MsgId: MMSG-26355]
Action.c(5): web_set_sockets_option was successful  	[MsgId: MMSG-26392]
Action.c(13): web_reg_save_param_ex started  	[MsgId: MMSG-26355]
Action.c(13): Registering web_reg_save_param_ex was successful  	[MsgId: MMSG-26390]
Action.c(23): web_reg_find started  	[MsgId: MMSG-26355]
Action.c(23): Registering web_reg_find was successful  	[MsgId: MMSG-26390]
Action.c(27): web_url("mail.yandex.ru") started  	[MsgId: MMSG-26355]
Action.c(27): Redirecting "http://mail.yandex.ru/" (redirection depth is 0)  	[MsgId: MMSG-26694]
Action.c(27): To location "https://mail.yandex.ru/"  	[MsgId: MMSG-26693]
Action.c(27): Error -27792: Failed to connect to server "mail.yandex.ru:443": [10060] Connection timed out  	[MsgId: MERR-27792]
Action.c(27): Error -35061: No match found for the requested parameter "yu". Either the specified boundaries were not found in the response or the matched text is longer than current max html parameter size of 256 bytes. The total length of the response is 178 bytes. You can use "web_set_max_html_param_len" to increase the max parameter size.  	[MsgId: MERR-35061]
Action.c(27): Error -26366: "Text=Яндекс.Почта" not found for web_reg_find  	[MsgId: MERR-26366]
End auto log messages stack.


Start auto log messages stack - Iteration 28.
Action.c(5): web_set_sockets_option started  	[MsgId: MMSG-26355]
Action.c(5): web_set_sockets_option was successful  	[MsgId: MMSG-26392]
Action.c(13): web_reg_save_param_ex started  	[MsgId: MMSG-26355]
Action.c(13): Registering web_reg_save_param_ex was successful  	[MsgId: MMSG-26390]
Action.c(23): web_reg_find started  	[MsgId: MMSG-26355]
Action.c(23): Registering web_reg_find was successful  	[MsgId: MMSG-26390]
Action.c(27): web_url("mail.yandex.ru") started  	[MsgId: MMSG-26355]
Action.c(27): Redirecting "http://mail.yandex.ru/" (redirection depth is 0)  	[MsgId: MMSG-26694]
Action.c(27): To location "https://mail.yandex.ru/"  	[MsgId: MMSG-26693]
Action.c(27): Error -27792: Failed to connect to server "mail.yandex.ru:443": [10060] Connection timed out  	[MsgId: MERR-27792]
Action.c(27): Error -35061: No match found for the requested parameter "yu". Either the specified boundaries were not found in the response or the matched text is longer than current max html parameter size of 256 bytes. The total length of the response is 178 bytes. You can use "web_set_max_html_param_len" to increase the max parameter size.  	[MsgId: MERR-35061]
Action.c(27): Error -26366: "Text=Яндекс.Почта" not found for web_reg_find  	[MsgId: MERR-26366]
End auto log messages stack.


Start auto log messages stack - Iteration 24.
Action.c(5): web_set_sockets_option started  	[MsgId: MMSG-26355]
Action.c(5): web_set_sockets_option was successful  	[MsgId: MMSG-26392]
Action.c(13): web_reg_save_param_ex started  	[MsgId: MMSG-26355]
Action.c(13): Registering web_reg_save_param_ex was successful  	[MsgId: MMSG-26390]
Action.c(23): web_reg_find started  	[MsgId: MMSG-26355]
Action.c(23): Registering web_reg_find was successful  	[MsgId: MMSG-26390]
Action.c(27): web_url("mail.yandex.ru") started  	[MsgId: MMSG-26355]
Action.c(27): Redirecting "http://mail.yandex.ru/" (redirection depth is 0)  	[MsgId: MMSG-26694]
Action.c(27): To location "https://mail.yandex.ru/"  	[MsgId: MMSG-26693]
Action.c(27): Error -27792: Failed to connect to server "mail.yandex.ru:443": [10060] Connection timed out  	[MsgId: MERR-27792]
Action.c(27): Error -35061: No match found for the requested parameter "yu". Either the specified boundaries were not found in the response or the matched text is longer than current max html parameter size of 256 bytes. The total length of the response is 178 bytes. You can use "web_set_max_html_param_len" to increase the max parameter size.  	[MsgId: MERR-35061]
Action.c(27): Error -26366: "Text=Яндекс.Почта" not found for web_reg_find  	[MsgId: MERR-26366]
End auto log messages stack.


Start auto log messages stack - Iteration 29.
Action.c(5): web_set_sockets_option started  	[MsgId: MMSG-26355]
Action.c(5): web_set_sockets_option was successful  	[MsgId: MMSG-26392]
Action.c(13): web_reg_save_param_ex started  	[MsgId: MMSG-26355]
Action.c(13): Registering web_reg_save_param_ex was successful  	[MsgId: MMSG-26390]
Action.c(23): web_reg_find started  	[MsgId: MMSG-26355]
Action.c(23): Registering web_reg_find was successful  	[MsgId: MMSG-26390]
Action.c(27): web_url("mail.yandex.ru") started  	[MsgId: MMSG-26355]
Action.c(27): Redirecting "http://mail.yandex.ru/" (redirection depth is 0)  	[MsgId: MMSG-26694]
Action.c(27): To location "https://mail.yandex.ru/"  	[MsgId: MMSG-26693]
Action.c(27): Error -27792: Failed to connect to server "mail.yandex.ru:443": [10060] Connection timed out  	[MsgId: MERR-27792]
Action.c(27): Error -35061: No match found for the requested parameter "yu". Either the specified boundaries were not found in the response or the matched text is longer than current max html parameter size of 256 bytes. The total length of the response is 178 bytes. You can use "web_set_max_html_param_len" to increase the max parameter size.  	[MsgId: MERR-35061]
Action.c(27): Error -26366: "Text=Яндекс.Почта" not found for web_reg_find  	[MsgId: MERR-26366]
End auto log messages stack.


Start auto log messages stack - Iteration 25.
Starting action Action.
Action.c(3): Notify: Transaction "0_homepage" started.
Action.c(5): web_set_sockets_option started  	[MsgId: MMSG-26355]
Action.c(5): web_set_sockets_option was successful  	[MsgId: MMSG-26392]
Action.c(13): web_reg_save_param_ex started  	[MsgId: MMSG-26355]
Action.c(13): Registering web_reg_save_param_ex was successful  	[MsgId: MMSG-26390]
Action.c(23): web_reg_find started  	[MsgId: MMSG-26355]
Action.c(23): Registering web_reg_find was successful  	[MsgId: MMSG-26390]
Action.c(27): web_url("mail.yandex.ru") started  	[MsgId: MMSG-26355]
Action.c(27): Error -27792: Failed to connect to server "mail.yandex.ru:80": [10060] Connection timed out  	[MsgId: MERR-27792]
Action.c(27): Error -35061: No match found for the requested parameter "yu". Either the specified boundaries were not found in the response or the matched text is longer than current max html parameter size of 256 bytes. The total length of the response is 0 bytes. You can use "web_set_max_html_param_len" to increase the max parameter size.  	[MsgId: MERR-35061]
Action.c(27): Error -26366: "Text=Яндекс.Почта" not found for web_reg_find  	[MsgId: MERR-26366]
Action.c(27): Error -26374: The above "not found" error(s) may be explained by header and body byte counts being 0 and 0, respectively.  	[MsgId: MERR-26374]
End auto log messages stack.


Start auto log messages stack - Iteration 30.
Starting action Action.
Action.c(3): Notify: Transaction "0_homepage" started.
Action.c(5): web_set_sockets_option started  	[MsgId: MMSG-26355]
Action.c(5): web_set_sockets_option was successful  	[MsgId: MMSG-26392]
Action.c(13): web_reg_save_param_ex started  	[MsgId: MMSG-26355]
Action.c(13): Registering web_reg_save_param_ex was successful  	[MsgId: MMSG-26390]
Action.c(23): web_reg_find started  	[MsgId: MMSG-26355]
Action.c(23): Registering web_reg_find was successful  	[MsgId: MMSG-26390]
Action.c(27): web_url("mail.yandex.ru") started  	[MsgId: MMSG-26355]
Action.c(27): Error -27792: Failed to connect to server "mail.yandex.ru:80": [10060] Connection timed out  	[MsgId: MERR-27792]
Action.c(27): Error -35061: No match found for the requested parameter "yu". Either the specified boundaries were not found in the response or the matched text is longer than current max html parameter size of 256 bytes. The total length of the response is 0 bytes. You can use "web_set_max_html_param_len" to increase the max parameter size.  	[MsgId: MERR-35061]
Action.c(27): Error -26366: "Text=Яндекс.Почта" not found for web_reg_find  	[MsgId: MERR-26366]
Action.c(27): Error -26374: The above "not found" error(s) may be explained by header and body byte counts being 0 and 0, respectively.  	[MsgId: MERR-26374]
End auto log messages stack.


Start auto log messages stack - Iteration 26.
Action.c(5): web_set_sockets_option started  	[MsgId: MMSG-26355]
Action.c(5): web_set_sockets_option was successful  	[MsgId: MMSG-26392]
Action.c(13): web_reg_save_param_ex started  	[MsgId: MMSG-26355]
Action.c(13): Registering web_reg_save_param_ex was successful  	[MsgId: MMSG-26390]
Action.c(23): web_reg_find started  	[MsgId: MMSG-26355]
Action.c(23): Registering web_reg_find was successful  	[MsgId: MMSG-26390]
Action.c(27): web_url("mail.yandex.ru") started  	[MsgId: MMSG-26355]
Action.c(27): Redirecting "http://mail.yandex.ru/" (redirection depth is 0)  	[MsgId: MMSG-26694]
Action.c(27): To location "https://mail.yandex.ru/"  	[MsgId: MMSG-26693]
Action.c(27): Error -27792: Failed to connect to server "mail.yandex.ru:443": [10060] Connection timed out  	[MsgId: MERR-27792]
Action.c(27): Error -35061: No match found for the requested parameter "yu". Either the specified boundaries were not found in the response or the matched text is longer than current max html parameter size of 256 bytes. The total length of the response is 178 bytes. You can use "web_set_max_html_param_len" to increase the max parameter size.  	[MsgId: MERR-35061]
Action.c(27): Error -26366: "Text=Яндекс.Почта" not found for web_reg_find  	[MsgId: MERR-26366]
End auto log messages stack.


Start auto log messages stack - Iteration 31.
Starting action Action.
Action.c(3): Notify: Transaction "0_homepage" started.
Action.c(5): web_set_sockets_option started  	[MsgId: MMSG-26355]
Action.c(5): web_set_sockets_option was successful  	[MsgId: MMSG-26392]
Action.c(13): web_reg_save_param_ex started  	[MsgId: MMSG-26355]
Action.c(13): Registering web_reg_save_param_ex was successful  	[MsgId: MMSG-26390]
Action.c(23): web_reg_find started  	[MsgId: MMSG-26355]
Action.c(23): Registering web_reg_find was successful  	[MsgId: MMSG-26390]
Action.c(27): web_url("mail.yandex.ru") started  	[MsgId: MMSG-26355]
Action.c(27): Error -27792: Failed to connect to server "mail.yandex.ru:80": [10060] Connection timed out  	[MsgId: MERR-27792]
Action.c(27): Error -35061: No match found for the requested parameter "yu". Either the specified boundaries were not found in the response or the matched text is longer than current max html parameter size of 256 bytes. The total length of the response is 0 bytes. You can use "web_set_max_html_param_len" to increase the max parameter size.  	[MsgId: MERR-35061]
Action.c(27): Error -26366: "Text=Яндекс.Почта" not found for web_reg_find  	[MsgId: MERR-26366]
Action.c(27): Error -26374: The above "not found" error(s) may be explained by header and body byte counts being 0 and 0, respectively.  	[MsgId: MERR-26374]
End auto log messages stack.


Start auto log messages stack - Iteration 27.
Action.c(5): web_set_sockets_option started  	[MsgId: MMSG-26355]
Action.c(5): web_set_sockets_option was successful  	[MsgId: MMSG-26392]
Action.c(13): web_reg_save_param_ex started  	[MsgId: MMSG-26355]
Action.c(13): Registering web_reg_save_param_ex was successful  	[MsgId: MMSG-26390]
Action.c(23): web_reg_find started  	[MsgId: MMSG-26355]
Action.c(23): Registering web_reg_find was successful  	[MsgId: MMSG-26390]
Action.c(27): web_url("mail.yandex.ru") started  	[MsgId: MMSG-26355]
Action.c(27): Redirecting "http://mail.yandex.ru/" (redirection depth is 0)  	[MsgId: MMSG-26694]
Action.c(27): To location "https://mail.yandex.ru/"  	[MsgId: MMSG-26693]
Action.c(27): Error -27792: Failed to connect to server "mail.yandex.ru:443": [10060] Connection timed out  	[MsgId: MERR-27792]
Action.c(27): Error -35061: No match found for the requested parameter "yu". Either the specified boundaries were not found in the response or the matched text is longer than current max html parameter size of 256 bytes. The total length of the response is 178 bytes. You can use "web_set_max_html_param_len" to increase the max parameter size.  	[MsgId: MERR-35061]
Action.c(27): Error -26366: "Text=Яндекс.Почта" not found for web_reg_find  	[MsgId: MERR-26366]
End auto log messages stack.


Start auto log messages stack - Iteration 44.
Action.c(5): web_set_sockets_option started  	[MsgId: MMSG-26355]
Action.c(5): web_set_sockets_option was successful  	[MsgId: MMSG-26392]
Action.c(13): web_reg_save_param_ex started  	[MsgId: MMSG-26355]
Action.c(13): Registering web_reg_save_param_ex was successful  	[MsgId: MMSG-26390]
Action.c(23): web_reg_find started  	[MsgId: MMSG-26355]
Action.c(23): Registering web_reg_find was successful  	[MsgId: MMSG-26390]
Action.c(27): web_url("mail.yandex.ru") started  	[MsgId: MMSG-26355]
Action.c(27): Redirecting "http://mail.yandex.ru/" (redirection depth is 0)  	[MsgId: MMSG-26694]
Action.c(27): To location "https://mail.yandex.ru/"  	[MsgId: MMSG-26693]
Action.c(27): Error -27792: Failed to connect to server "mail.yandex.ru:443": [10060] Connection timed out  	[MsgId: MERR-27792]
Action.c(27): Error -35061: No match found for the requested parameter "yu". Either the specified boundaries were not found in the response or the matched text is longer than current max html parameter size of 256 bytes. The total length of the response is 178 bytes. You can use "web_set_max_html_param_len" to increase the max parameter size.  	[MsgId: MERR-35061]
Action.c(27): Error -26366: "Text=Яндекс.Почта" not found for web_reg_find  	[MsgId: MERR-26366]
End auto log messages stack.


Start auto log messages stack - Iteration 42.
Action.c(258): web_websocket_connect was successful, 148 body bytes, 708 header bytes, 11 chunking overhead bytes  	[MsgId: MMSG-26385]
Action.c(268): web_url("data") started  	[MsgId: MMSG-26355]
Action.c(268): web_url("data") was successful, 418 body bytes, 471 header bytes  	[MsgId: MMSG-26386]
Action.c(279): Notify: Transaction "2_login" ended with a "Pass" status (Duration: 0,8719 Wasted Time: 0,0419).
Action.c(285): Notify: Transaction "4_send_message" started.
Action.c(289): web_websocket_send started  	[MsgId: MMSG-26355]
Action.c(289): Warning -35046: The WebSocket whose ID is "0" is not connected  	[MsgId: MWAR-35046]
Action.c(289): web_websocket_send highest severity level was "warning"  	[MsgId: MMSG-26391]
Action.c(299): web_custom_request("liza1_29") started  	[MsgId: MMSG-26355]
Action.c(299): Error -27722: Step download timeout (120 seconds) has expired when downloading resource "https://mail.yandex.ru/web-api/do-send/liza1?_send=true"  	[MsgId: MERR-27722]
End auto log messages stack.


Start auto log messages stack - Iteration 43.
Starting action Action.
Action.c(3): Notify: Transaction "0_homepage" started.
Action.c(5): web_set_sockets_option started  	[MsgId: MMSG-26355]
Action.c(5): web_set_sockets_option was successful  	[MsgId: MMSG-26392]
Action.c(13): web_reg_save_param_ex started  	[MsgId: MMSG-26355]
Action.c(13): Registering web_reg_save_param_ex was successful  	[MsgId: MMSG-26390]
Action.c(23): web_reg_find started  	[MsgId: MMSG-26355]
Action.c(23): Registering web_reg_find was successful  	[MsgId: MMSG-26390]
Action.c(27): web_url("mail.yandex.ru") started  	[MsgId: MMSG-26355]
Action.c(27): Error -27792: Failed to connect to server "mail.yandex.ru:80": [10060] Connection timed out  	[MsgId: MERR-27792]
Action.c(27): Error -35061: No match found for the requested parameter "yu". Either the specified boundaries were not found in the response or the matched text is longer than current max html parameter size of 256 bytes. The total length of the response is 0 bytes. You can use "web_set_max_html_param_len" to increase the max parameter size.  	[MsgId: MERR-35061]
Action.c(27): Error -26366: "Text=Яндекс.Почта" not found for web_reg_find  	[MsgId: MERR-26366]
Action.c(27): Error -26374: The above "not found" error(s) may be explained by header and body byte counts being 0 and 0, respectively.  	[MsgId: MERR-26374]
End auto log messages stack.


Start auto log messages stack - Iteration 44.
Starting action Action.
Action.c(3): Notify: Transaction "0_homepage" started.
Action.c(5): web_set_sockets_option started  	[MsgId: MMSG-26355]
Action.c(5): web_set_sockets_option was successful  	[MsgId: MMSG-26392]
Action.c(13): web_reg_save_param_ex started  	[MsgId: MMSG-26355]
Action.c(13): Registering web_reg_save_param_ex was successful  	[MsgId: MMSG-26390]
Action.c(23): web_reg_find started  	[MsgId: MMSG-26355]
Action.c(23): Registering web_reg_find was successful  	[MsgId: MMSG-26390]
Action.c(27): web_url("mail.yandex.ru") started  	[MsgId: MMSG-26355]
Action.c(27): Error -27792: Failed to connect to server "mail.yandex.ru:80": [10060] Connection timed out  	[MsgId: MERR-27792]
Action.c(27): Error -35061: No match found for the requested parameter "yu". Either the specified boundaries were not found in the response or the matched text is longer than current max html parameter size of 256 bytes. The total length of the response is 0 bytes. You can use "web_set_max_html_param_len" to increase the max parameter size.  	[MsgId: MERR-35061]
Action.c(27): Error -26366: "Text=Яндекс.Почта" not found for web_reg_find  	[MsgId: MERR-26366]
Action.c(27): Error -26374: The above "not found" error(s) may be explained by header and body byte counts being 0 and 0, respectively.  	[MsgId: MERR-26374]
End auto log messages stack.


Start auto log messages stack - Iteration 45.
Action.c(237): Found resource "https://yastatic.net/jquery/1.12.4/jquery.min.js" in HTML "https://mail.yandex.ru/"  	[MsgId: MMSG-26659]
Action.c(237): web_url("redirect") was successful, 246522 body bytes, 10153 header bytes, 59 chunking overhead bytes  	[MsgId: MMSG-26385]
Action.c(247): web_convert_param started  	[MsgId: MMSG-26355]
Action.c(247): web_convert_param was successful  	[MsgId: MMSG-26392]
Action.c(258): web_websocket_connect started  	[MsgId: MMSG-26355]
Action.c(258): web_websocket_connect was successful, 148 body bytes, 708 header bytes, 11 chunking overhead bytes  	[MsgId: MMSG-26385]
Action.c(268): web_url("data") started  	[MsgId: MMSG-26355]
Action.c(268): Error -27792: Failed to connect to server "yandex.ru:443": [10060] Connection timed out  	[MsgId: MERR-27792]
End auto log messages stack.


Start auto log messages stack - Iteration 45.
Action.c(5): web_set_sockets_option started  	[MsgId: MMSG-26355]
Action.c(5): web_set_sockets_option was successful  	[MsgId: MMSG-26392]
Action.c(13): web_reg_save_param_ex started  	[MsgId: MMSG-26355]
Action.c(13): Registering web_reg_save_param_ex was successful  	[MsgId: MMSG-26390]
Action.c(23): web_reg_find started  	[MsgId: MMSG-26355]
Action.c(23): Registering web_reg_find was successful  	[MsgId: MMSG-26390]
Action.c(27): web_url("mail.yandex.ru") started  	[MsgId: MMSG-26355]
Action.c(27): Redirecting "http://mail.yandex.ru/" (redirection depth is 0)  	[MsgId: MMSG-26694]
Action.c(27): To location "https://mail.yandex.ru/"  	[MsgId: MMSG-26693]
Action.c(27): Error -27792: Failed to connect to server "mail.yandex.ru:443": [10060] Connection timed out  	[MsgId: MERR-27792]
Action.c(27): Error -35061: No match found for the requested parameter "yu". Either the specified boundaries were not found in the response or the matched text is longer than current max html parameter size of 256 bytes. The total length of the response is 178 bytes. You can use "web_set_max_html_param_len" to increase the max parameter size.  	[MsgId: MERR-35061]
Action.c(27): Error -26366: "Text=Яндекс.Почта" not found for web_reg_find  	[MsgId: MERR-26366]
End auto log messages stack.


Start auto log messages stack - Iteration 46.
Action.c(356): Warning -35046: The WebSocket whose ID is "0" is not connected  	[MsgId: MWAR-35046]
Action.c(356): web_websocket_send highest severity level was "warning"  	[MsgId: MMSG-26391]
Action.c(361): web_reg_find started  	[MsgId: MMSG-26355]
Action.c(361): Registering web_reg_find was successful  	[MsgId: MMSG-26390]
Action.c(365): web_url("passport") started  	[MsgId: MMSG-26355]
Action.c(365): Redirecting "https://passport.yandex.ru/passport?mode=embeddedauth&action=logout&uid=586221334&yu=1008008211578601462&retpath=https%3A%2F%2Fyandex.ru" (redirection depth is 0)  	[MsgId: MMSG-26694]
Action.c(365): To location "https://passport.yandex.ru/auth/finish/?track_id=1b79bcd6a7d4831b4044bf32ed84498a48"  	[MsgId: MMSG-26693]
Action.c(365): Error -27792: Failed to connect to server "passport.yandex.ru:443": [10060] Connection timed out  	[MsgId: MERR-27792]
End auto log messages stack.


Start auto log messages stack - Iteration 65.
Starting action Action.
Action.c(3): Notify: Transaction "0_homepage" started.
Action.c(5): web_set_sockets_option started  	[MsgId: MMSG-26355]
Action.c(5): web_set_sockets_option was successful  	[MsgId: MMSG-26392]
Action.c(13): web_reg_save_param_ex started  	[MsgId: MMSG-26355]
Action.c(13): Registering web_reg_save_param_ex was successful  	[MsgId: MMSG-26390]
Action.c(23): web_reg_find started  	[MsgId: MMSG-26355]
Action.c(23): Registering web_reg_find was successful  	[MsgId: MMSG-26390]
Action.c(27): web_url("mail.yandex.ru") started  	[MsgId: MMSG-26355]
Action.c(27): Error -27792: Failed to connect to server "mail.yandex.ru:80": [10060] Connection timed out  	[MsgId: MERR-27792]
Action.c(27): Error -35061: No match found for the requested parameter "yu". Either the specified boundaries were not found in the response or the matched text is longer than current max html parameter size of 256 bytes. The total length of the response is 0 bytes. You can use "web_set_max_html_param_len" to increase the max parameter size.  	[MsgId: MERR-35061]
Action.c(27): Error -26366: "Text=Яндекс.Почта" not found for web_reg_find  	[MsgId: MERR-26366]
Action.c(27): Error -26374: The above "not found" error(s) may be explained by header and body byte counts being 0 and 0, respectively.  	[MsgId: MERR-26374]
End auto log messages stack.


Start auto log messages stack - Iteration 66.
Action.c(365): web_url("passport") highest severity level was "warning", 480735 body bytes, 11159 header bytes, 256 chunking overhead bytes  	[MsgId: MMSG-26387]
Action.c(382): web_reg_save_param_ex started  	[MsgId: MMSG-26355]
Action.c(382): Registering web_reg_save_param_ex was successful  	[MsgId: MMSG-26390]
Action.c(392): web_url("mail.yandex.ru_2") started  	[MsgId: MMSG-26355]
Action.c(392): Redirecting "https://mail.yandex.ru/?uid=586221334" (redirection depth is 0)  	[MsgId: MMSG-26694]
Action.c(392): To location "https://passport.yandex.ru/auth?from=mail&origin=hostroot_homer_auth_L_ru&retpath=https%3A%2F%2Fmail.yandex.ru%2F%3Fuid%3D586221334&backpath=https%3A%2F%2Fmail.yandex.ru%3Fnoretpath%3D1"  	[MsgId: MMSG-26693]
Action.c(392): Error -27792: Failed to connect to server "passport.yandex.ru:443": [10060] Connection timed out  	[MsgId: MERR-27792]
Action.c(392): Error -35061: No match found for the requested parameter "reqid_2". Either the specified boundaries were not found in the response or the matched text is longer than current max html parameter size of 256 bytes. The total length of the response is 207 bytes. You can use "web_set_max_html_param_len" to increase the max parameter size.  	[MsgId: MERR-35061]
End auto log messages stack.


Start auto log messages stack - Iteration 59.
Action.c(356): Warning -35046: The WebSocket whose ID is "0" is not connected  	[MsgId: MWAR-35046]
Action.c(356): web_websocket_send highest severity level was "warning"  	[MsgId: MMSG-26391]
Action.c(361): web_reg_find started  	[MsgId: MMSG-26355]
Action.c(361): Registering web_reg_find was successful  	[MsgId: MMSG-26390]
Action.c(365): web_url("passport") started  	[MsgId: MMSG-26355]
Action.c(365): Redirecting "https://passport.yandex.ru/passport?mode=embeddedauth&action=logout&uid=337788035&yu=9689422311578601828&retpath=https%3A%2F%2Fyandex.ru" (redirection depth is 0)  	[MsgId: MMSG-26694]
Action.c(365): To location "https://passport.yandex.ru/auth/finish/?track_id=5cd6533d2f6cc8c622f3faab0bf829c683"  	[MsgId: MMSG-26693]
Action.c(365): Error -27792: Failed to connect to server "passport.yandex.ru:443": [10060] Connection timed out  	[MsgId: MERR-27792]
End auto log messages stack.


Start auto log messages stack - Iteration 67.
Action.c(365): web_url("passport") highest severity level was "warning", 482354 body bytes, 11702 header bytes, 283 chunking overhead bytes  	[MsgId: MMSG-26387]
Action.c(382): web_reg_save_param_ex started  	[MsgId: MMSG-26355]
Action.c(382): Registering web_reg_save_param_ex was successful  	[MsgId: MMSG-26390]
Action.c(392): web_url("mail.yandex.ru_2") started  	[MsgId: MMSG-26355]
Action.c(392): Redirecting "https://mail.yandex.ru/?uid=586221334" (redirection depth is 0)  	[MsgId: MMSG-26694]
Action.c(392): To location "https://passport.yandex.ru/auth?from=mail&origin=hostroot_homer_auth_L_ru&retpath=https%3A%2F%2Fmail.yandex.ru%2F%3Fuid%3D586221334&backpath=https%3A%2F%2Fmail.yandex.ru%3Fnoretpath%3D1"  	[MsgId: MMSG-26693]
Action.c(392): Error -27792: Failed to connect to server "passport.yandex.ru:443": [10060] Connection timed out  	[MsgId: MERR-27792]
Action.c(392): Error -35061: No match found for the requested parameter "reqid_2". Either the specified boundaries were not found in the response or the matched text is longer than current max html parameter size of 256 bytes. The total length of the response is 207 bytes. You can use "web_set_max_html_param_len" to increase the max parameter size.  	[MsgId: MERR-35061]
End auto log messages stack.


Start auto log messages stack - Iteration 61.
Action.c(5): web_set_sockets_option started  	[MsgId: MMSG-26355]
Action.c(5): web_set_sockets_option was successful  	[MsgId: MMSG-26392]
Action.c(13): web_reg_save_param_ex started  	[MsgId: MMSG-26355]
Action.c(13): Registering web_reg_save_param_ex was successful  	[MsgId: MMSG-26390]
Action.c(23): web_reg_find started  	[MsgId: MMSG-26355]
Action.c(23): Registering web_reg_find was successful  	[MsgId: MMSG-26390]
Action.c(27): web_url("mail.yandex.ru") started  	[MsgId: MMSG-26355]
Action.c(27): Redirecting "http://mail.yandex.ru/" (redirection depth is 0)  	[MsgId: MMSG-26694]
Action.c(27): To location "https://mail.yandex.ru/"  	[MsgId: MMSG-26693]
Action.c(27): Error -27792: Failed to connect to server "mail.yandex.ru:443": [10060] Connection timed out  	[MsgId: MERR-27792]
Action.c(27): Error -35061: No match found for the requested parameter "yu". Either the specified boundaries were not found in the response or the matched text is longer than current max html parameter size of 256 bytes. The total length of the response is 178 bytes. You can use "web_set_max_html_param_len" to increase the max parameter size.  	[MsgId: MERR-35061]
Action.c(27): Error -26366: "Text=Яндекс.Почта" not found for web_reg_find  	[MsgId: MERR-26366]
End auto log messages stack.


Start auto log messages stack - Iteration 76.
Action.c(365): web_url("passport") was successful, 488092 body bytes, 13063 header bytes, 295 chunking overhead bytes  	[MsgId: MMSG-26385]
Action.c(382): web_reg_save_param_ex started  	[MsgId: MMSG-26355]
Action.c(382): Registering web_reg_save_param_ex was successful  	[MsgId: MMSG-26390]
Action.c(392): web_url("mail.yandex.ru_2") started  	[MsgId: MMSG-26355]
Action.c(392): Redirecting "https://mail.yandex.ru/?uid=586221334" (redirection depth is 0)  	[MsgId: MMSG-26694]
Action.c(392): To location "https://passport.yandex.ru/auth?from=mail&origin=hostroot_homer_auth_L_ru&retpath=https%3A%2F%2Fmail.yandex.ru%2F%3Fuid%3D586221334&backpath=https%3A%2F%2Fmail.yandex.ru%3Fnoretpath%3D1"  	[MsgId: MMSG-26693]
Action.c(392): Error -27792: Failed to connect to server "passport.yandex.ru:443": [10060] Connection timed out  	[MsgId: MERR-27792]
Action.c(392): Error -35061: No match found for the requested parameter "reqid_2". Either the specified boundaries were not found in the response or the matched text is longer than current max html parameter size of 256 bytes. The total length of the response is 207 bytes. You can use "web_set_max_html_param_len" to increase the max parameter size.  	[MsgId: MERR-35061]
End auto log messages stack.


Start auto log messages stack - Iteration 83.
Starting action Action.
Action.c(3): Notify: Transaction "0_homepage" started.
Action.c(5): web_set_sockets_option started  	[MsgId: MMSG-26355]
Action.c(5): web_set_sockets_option was successful  	[MsgId: MMSG-26392]
Action.c(13): web_reg_save_param_ex started  	[MsgId: MMSG-26355]
Action.c(13): Registering web_reg_save_param_ex was successful  	[MsgId: MMSG-26390]
Action.c(23): web_reg_find started  	[MsgId: MMSG-26355]
Action.c(23): Registering web_reg_find was successful  	[MsgId: MMSG-26390]
Action.c(27): web_url("mail.yandex.ru") started  	[MsgId: MMSG-26355]
Action.c(27): Error -27792: Failed to connect to server "mail.yandex.ru:80": [10060] Connection timed out  	[MsgId: MERR-27792]
Action.c(27): Error -35061: No match found for the requested parameter "yu". Either the specified boundaries were not found in the response or the matched text is longer than current max html parameter size of 256 bytes. The total length of the response is 0 bytes. You can use "web_set_max_html_param_len" to increase the max parameter size.  	[MsgId: MERR-35061]
Action.c(27): Error -26366: "Text=Яндекс.Почта" not found for web_reg_find  	[MsgId: MERR-26366]
Action.c(27): Error -26374: The above "not found" error(s) may be explained by header and body byte counts being 0 and 0, respectively.  	[MsgId: MERR-26374]
End auto log messages stack.


Start auto log messages stack - Iteration 76.
Action.c(237): Found resource "https://yastatic.net/s3/liza/_/csw.js" in HTML "https://mail.yandex.ru/"  	[MsgId: MMSG-26659]
Action.c(237): Found resource "https://yastatic.net/s3/liza/_/30cc63fb090af82891f9-bootstrap.js" in HTML "https://mail.yandex.ru/"  	[MsgId: MMSG-26659]
Action.c(237): Found resource "https://yastatic.net/jquery/1.12.4/jquery.min.js" in HTML "https://mail.yandex.ru/"  	[MsgId: MMSG-26659]
Action.c(237): web_url("redirect") was successful, 245575 body bytes, 10143 header bytes, 137 chunking overhead bytes  	[MsgId: MMSG-26385]
Action.c(247): web_convert_param started  	[MsgId: MMSG-26355]
Action.c(247): web_convert_param was successful  	[MsgId: MMSG-26392]
Action.c(258): web_websocket_connect started  	[MsgId: MMSG-26355]
Action.c(258): Error -27792: Failed to connect to server "mail.yandex.ru:443": [10060] Connection timed out  	[MsgId: MERR-27792]
End auto log messages stack.


Start auto log messages stack - Iteration 84.
Action.c(365): Warning -27792: Failed to connect to server "avatars.mds.yandex.net:443": [10060] Connection timed out  	[MsgId: MWAR-27792]
Action.c(365): Warning -27792: Failed to connect to server "mc.yandex.ru:443": [10060] Connection timed out  	[MsgId: MWAR-27792]
Action.c(365): Registered web_reg_find successful for "Text=Found" (count=7)  	[MsgId: MMSG-26364]
Action.c(365): web_url("passport") highest severity level was "warning", 480965 body bytes, 11976 header bytes, 263 chunking overhead bytes  	[MsgId: MMSG-26387]
Action.c(382): web_reg_save_param_ex started  	[MsgId: MMSG-26355]
Action.c(382): Registering web_reg_save_param_ex was successful  	[MsgId: MMSG-26390]
Action.c(392): web_url("mail.yandex.ru_2") started  	[MsgId: MMSG-26355]
Action.c(392): Error -27792: Failed to connect to server "mail.yandex.ru:443": [10060] Connection timed out  	[MsgId: MERR-27792]
Action.c(392): Error -35061: No match found for the requested parameter "reqid_2". Either the specified boundaries were not found in the response or the matched text is longer than current max html parameter size of 256 bytes. The total length of the response is 0 bytes. You can use "web_set_max_html_param_len" to increase the max parameter size.  	[MsgId: MERR-35061]
End auto log messages stack.


Start auto log messages stack - Iteration 86.
Action.c(237): Found resource "https://yastatic.net/s3/liza/_/csw.js" in HTML "https://mail.yandex.ru/"  	[MsgId: MMSG-26659]
Action.c(237): Found resource "https://yastatic.net/s3/liza/_/30cc63fb090af82891f9-bootstrap.js" in HTML "https://mail.yandex.ru/"  	[MsgId: MMSG-26659]
Action.c(237): Found resource "https://yastatic.net/jquery/1.12.4/jquery.min.js" in HTML "https://mail.yandex.ru/"  	[MsgId: MMSG-26659]
Action.c(237): web_url("redirect") was successful, 246412 body bytes, 9874 header bytes, 128 chunking overhead bytes  	[MsgId: MMSG-26385]
Action.c(247): web_convert_param started  	[MsgId: MMSG-26355]
Action.c(247): web_convert_param was successful  	[MsgId: MMSG-26392]
Action.c(258): web_websocket_connect started  	[MsgId: MMSG-26355]
Action.c(258): Error -27792: Failed to connect to server "mail.yandex.ru:443": [10060] Connection timed out  	[MsgId: MERR-27792]
End auto log messages stack.


Start auto log messages stack - Iteration 88.
Starting action Action.
Action.c(3): Notify: Transaction "0_homepage" started.
Action.c(5): web_set_sockets_option started  	[MsgId: MMSG-26355]
Action.c(5): web_set_sockets_option was successful  	[MsgId: MMSG-26392]
Action.c(13): web_reg_save_param_ex started  	[MsgId: MMSG-26355]
Action.c(13): Registering web_reg_save_param_ex was successful  	[MsgId: MMSG-26390]
Action.c(23): web_reg_find started  	[MsgId: MMSG-26355]
Action.c(23): Registering web_reg_find was successful  	[MsgId: MMSG-26390]
Action.c(27): web_url("mail.yandex.ru") started  	[MsgId: MMSG-26355]
Action.c(27): Error -27792: Failed to connect to server "mail.yandex.ru:80": [10060] Connection timed out  	[MsgId: MERR-27792]
Action.c(27): Error -35061: No match found for the requested parameter "yu". Either the specified boundaries were not found in the response or the matched text is longer than current max html parameter size of 256 bytes. The total length of the response is 0 bytes. You can use "web_set_max_html_param_len" to increase the max parameter size.  	[MsgId: MERR-35061]
Action.c(27): Error -26366: "Text=Яндекс.Почта" not found for web_reg_find  	[MsgId: MERR-26366]
Action.c(27): Error -26374: The above "not found" error(s) may be explained by header and body byte counts being 0 and 0, respectively.  	[MsgId: MERR-26374]
End auto log messages stack.


Start auto log messages stack - Iteration 89.
Action.c(237): Found resource "https://yastatic.net/jquery/1.12.4/jquery.min.js" in HTML "https://mail.yandex.ru/"  	[MsgId: MMSG-26659]
Action.c(237): web_url("redirect") was successful, 245528 body bytes, 9866 header bytes, 132 chunking overhead bytes  	[MsgId: MMSG-26385]
Action.c(247): web_convert_param started  	[MsgId: MMSG-26355]
Action.c(247): web_convert_param was successful  	[MsgId: MMSG-26392]
Action.c(258): web_websocket_connect started  	[MsgId: MMSG-26355]
Action.c(258): web_websocket_connect was successful, 148 body bytes, 708 header bytes, 11 chunking overhead bytes  	[MsgId: MMSG-26385]
Action.c(268): web_url("data") started  	[MsgId: MMSG-26355]
Action.c(268): Error -27792: Failed to connect to server "yandex.ru:443": [10060] Connection timed out  	[MsgId: MERR-27792]
End auto log messages stack.


Start auto log messages stack - Iteration 100.
Action.c(38): Notify: Transaction "0_homepage" ended with a "Pass" status (Duration: 24,1061 Wasted Time: 0,0025).
Action.c(45): Notify: Transaction "1_login" started.
Action.c(54): web_reg_save_param_ex started  	[MsgId: MMSG-26355]
Action.c(54): Registering web_reg_save_param_ex was successful  	[MsgId: MMSG-26390]
Action.c(69): web_reg_save_param_ex started  	[MsgId: MMSG-26355]
Action.c(69): Registering web_reg_save_param_ex was successful  	[MsgId: MMSG-26390]
Action.c(84): web_reg_save_param_ex started  	[MsgId: MMSG-26355]
Action.c(84): Registering web_reg_save_param_ex was successful  	[MsgId: MMSG-26390]
Action.c(93): web_url("auth") started  	[MsgId: MMSG-26355]
Action.c(93): Error -27792: Failed to connect to server "passport.yandex.ru:443": [10060] Connection timed out  	[MsgId: MERR-27792]
Action.c(93): Error -35061: No match found for the requested parameter "csrf_token". Either the specified boundaries were not found in the response or the matched text is longer than current max html parameter size of 256 bytes. The total length of the response is 0 bytes. You can use "web_set_max_html_param_len" to increase the max parameter size.  	[MsgId: MERR-35061]
Action.c(93): Error -35061: No match found for the requested parameter "process_uuid". Either the specified boundaries were not found in the response or the matched text is longer than current max html parameter size of 256 bytes. The total length of the response is 0 bytes. You can use "web_set_max_html_param_len" to increase the max parameter size.  	[MsgId: MERR-35061]
Action.c(93): Error -35061: No match found for the requested parameter "reqid_1". Either the specified boundaries were not found in the response or the matched text is longer than current max html parameter size of 256 bytes. The total length of the response is 0 bytes. You can use "web_set_max_html_param_len" to increase the max parameter size.  	[MsgId: MERR-35061]
End auto log messages stack.


Start auto log messages stack - Iteration 90.
Action.c(356): Warning -35046: The WebSocket whose ID is "0" is not connected  	[MsgId: MWAR-35046]
Action.c(356): web_websocket_send highest severity level was "warning"  	[MsgId: MMSG-26391]
Action.c(361): web_reg_find started  	[MsgId: MMSG-26355]
Action.c(361): Registering web_reg_find was successful  	[MsgId: MMSG-26390]
Action.c(365): web_url("passport") started  	[MsgId: MMSG-26355]
Action.c(365): Redirecting "https://passport.yandex.ru/passport?mode=embeddedauth&action=logout&uid=337788035&yu=4424759561578602638&retpath=https%3A%2F%2Fyandex.ru" (redirection depth is 0)  	[MsgId: MMSG-26694]
Action.c(365): To location "https://passport.yandex.ru/auth/finish/?track_id=f9743e247f587adb4b65f33a8b2aaad37e"  	[MsgId: MMSG-26693]
Action.c(365): Error -27792: Failed to connect to server "passport.yandex.ru:443": [10060] Connection timed out  	[MsgId: MERR-27792]
End auto log messages stack.


Start auto log messages stack - Iteration 101.
Action.c(356): Warning -35046: The WebSocket whose ID is "0" is not connected  	[MsgId: MWAR-35046]
Action.c(356): web_websocket_send highest severity level was "warning"  	[MsgId: MMSG-26391]
Action.c(361): web_reg_find started  	[MsgId: MMSG-26355]
Action.c(361): Registering web_reg_find was successful  	[MsgId: MMSG-26390]
Action.c(365): web_url("passport") started  	[MsgId: MMSG-26355]
Action.c(365): Redirecting "https://passport.yandex.ru/passport?mode=embeddedauth&action=logout&uid=586221334&yu=8928710541578602636&retpath=https%3A%2F%2Fyandex.ru" (redirection depth is 0)  	[MsgId: MMSG-26694]
Action.c(365): To location "https://passport.yandex.ru/auth/finish/?track_id=ac85c64684069d37479d0e5148d6ec6056"  	[MsgId: MMSG-26693]
Action.c(365): Error -27792: Failed to connect to server "passport.yandex.ru:443": [10060] Connection timed out  	[MsgId: MERR-27792]
End auto log messages stack.


Start auto log messages stack - Iteration 91.
Starting action Action.
Action.c(3): Notify: Transaction "0_homepage" started.
Action.c(5): web_set_sockets_option started  	[MsgId: MMSG-26355]
Action.c(5): web_set_sockets_option was successful  	[MsgId: MMSG-26392]
Action.c(13): web_reg_save_param_ex started  	[MsgId: MMSG-26355]
Action.c(13): Registering web_reg_save_param_ex was successful  	[MsgId: MMSG-26390]
Action.c(23): web_reg_find started  	[MsgId: MMSG-26355]
Action.c(23): Registering web_reg_find was successful  	[MsgId: MMSG-26390]
Action.c(27): web_url("mail.yandex.ru") started  	[MsgId: MMSG-26355]
Action.c(27): Error -27792: Failed to connect to server "mail.yandex.ru:80": [10060] Connection timed out  	[MsgId: MERR-27792]
Action.c(27): Error -35061: No match found for the requested parameter "yu". Either the specified boundaries were not found in the response or the matched text is longer than current max html parameter size of 256 bytes. The total length of the response is 0 bytes. You can use "web_set_max_html_param_len" to increase the max parameter size.  	[MsgId: MERR-35061]
Action.c(27): Error -26366: "Text=Яндекс.Почта" not found for web_reg_find  	[MsgId: MERR-26366]
Action.c(27): Error -26374: The above "not found" error(s) may be explained by header and body byte counts being 0 and 0, respectively.  	[MsgId: MERR-26374]
End auto log messages stack.


Start auto log messages stack - Iteration 105.
Action.c(5): web_set_sockets_option started  	[MsgId: MMSG-26355]
Action.c(5): web_set_sockets_option was successful  	[MsgId: MMSG-26392]
Action.c(13): web_reg_save_param_ex started  	[MsgId: MMSG-26355]
Action.c(13): Registering web_reg_save_param_ex was successful  	[MsgId: MMSG-26390]
Action.c(23): web_reg_find started  	[MsgId: MMSG-26355]
Action.c(23): Registering web_reg_find was successful  	[MsgId: MMSG-26390]
Action.c(27): web_url("mail.yandex.ru") started  	[MsgId: MMSG-26355]
Action.c(27): Redirecting "http://mail.yandex.ru/" (redirection depth is 0)  	[MsgId: MMSG-26694]
Action.c(27): To location "https://mail.yandex.ru/"  	[MsgId: MMSG-26693]
Action.c(27): Error -27792: Failed to connect to server "mail.yandex.ru:443": [10060] Connection timed out  	[MsgId: MERR-27792]
Action.c(27): Error -35061: No match found for the requested parameter "yu". Either the specified boundaries were not found in the response or the matched text is longer than current max html parameter size of 256 bytes. The total length of the response is 178 bytes. You can use "web_set_max_html_param_len" to increase the max parameter size.  	[MsgId: MERR-35061]
Action.c(27): Error -26366: "Text=Яндекс.Почта" not found for web_reg_find  	[MsgId: MERR-26366]
End auto log messages stack.


Start auto log messages stack - Iteration 116.
Starting action Action.
Action.c(3): Notify: Transaction "0_homepage" started.
Action.c(5): web_set_sockets_option started  	[MsgId: MMSG-26355]
Action.c(5): web_set_sockets_option was successful  	[MsgId: MMSG-26392]
Action.c(13): web_reg_save_param_ex started  	[MsgId: MMSG-26355]
Action.c(13): Registering web_reg_save_param_ex was successful  	[MsgId: MMSG-26390]
Action.c(23): web_reg_find started  	[MsgId: MMSG-26355]
Action.c(23): Registering web_reg_find was successful  	[MsgId: MMSG-26390]
Action.c(27): web_url("mail.yandex.ru") started  	[MsgId: MMSG-26355]
Action.c(27): Error -27792: Failed to connect to server "mail.yandex.ru:80": [10060] Connection timed out  	[MsgId: MERR-27792]
Action.c(27): Error -35061: No match found for the requested parameter "yu". Either the specified boundaries were not found in the response or the matched text is longer than current max html parameter size of 256 bytes. The total length of the response is 0 bytes. You can use "web_set_max_html_param_len" to increase the max parameter size.  	[MsgId: MERR-35061]
Action.c(27): Error -26366: "Text=Яндекс.Почта" not found for web_reg_find  	[MsgId: MERR-26366]
Action.c(27): Error -26374: The above "not found" error(s) may be explained by header and body byte counts being 0 and 0, respectively.  	[MsgId: MERR-26374]
End auto log messages stack.


Start auto log messages stack - Iteration 117.
Action.c(365): web_url("passport") highest severity level was "warning", 479713 body bytes, 10920 header bytes, 283 chunking overhead bytes  	[MsgId: MMSG-26387]
Action.c(382): web_reg_save_param_ex started  	[MsgId: MMSG-26355]
Action.c(382): Registering web_reg_save_param_ex was successful  	[MsgId: MMSG-26390]
Action.c(392): web_url("mail.yandex.ru_2") started  	[MsgId: MMSG-26355]
Action.c(392): Redirecting "https://mail.yandex.ru/?uid=586221334" (redirection depth is 0)  	[MsgId: MMSG-26694]
Action.c(392): To location "https://passport.yandex.ru/auth?from=mail&origin=hostroot_homer_auth_L_ru&retpath=https%3A%2F%2Fmail.yandex.ru%2F%3Fuid%3D586221334&backpath=https%3A%2F%2Fmail.yandex.ru%3Fnoretpath%3D1"  	[MsgId: MMSG-26693]
Action.c(392): Error -27792: Failed to connect to server "passport.yandex.ru:443": [10060] Connection timed out  	[MsgId: MERR-27792]
Action.c(392): Error -35061: No match found for the requested parameter "reqid_2". Either the specified boundaries were not found in the response or the matched text is longer than current max html parameter size of 256 bytes. The total length of the response is 207 bytes. You can use "web_set_max_html_param_len" to increase the max parameter size.  	[MsgId: MERR-35061]
End auto log messages stack.


Start auto log messages stack - Iteration 118.
Action.c(5): web_set_sockets_option started  	[MsgId: MMSG-26355]
Action.c(5): web_set_sockets_option was successful  	[MsgId: MMSG-26392]
Action.c(13): web_reg_save_param_ex started  	[MsgId: MMSG-26355]
Action.c(13): Registering web_reg_save_param_ex was successful  	[MsgId: MMSG-26390]
Action.c(23): web_reg_find started  	[MsgId: MMSG-26355]
Action.c(23): Registering web_reg_find was successful  	[MsgId: MMSG-26390]
Action.c(27): web_url("mail.yandex.ru") started  	[MsgId: MMSG-26355]
Action.c(27): Redirecting "http://mail.yandex.ru/" (redirection depth is 0)  	[MsgId: MMSG-26694]
Action.c(27): To location "https://mail.yandex.ru/"  	[MsgId: MMSG-26693]
Action.c(27): Error -27792: Failed to connect to server "mail.yandex.ru:443": [10060] Connection timed out  	[MsgId: MERR-27792]
Action.c(27): Error -35061: No match found for the requested parameter "yu". Either the specified boundaries were not found in the response or the matched text is longer than current max html parameter size of 256 bytes. The total length of the response is 178 bytes. You can use "web_set_max_html_param_len" to increase the max parameter size.  	[MsgId: MERR-35061]
Action.c(27): Error -26366: "Text=Яндекс.Почта" not found for web_reg_find  	[MsgId: MERR-26366]
End auto log messages stack.


Start auto log messages stack - Iteration 110.
Action.c(365): web_url("passport") highest severity level was "warning", 481281 body bytes, 11939 header bytes, 257 chunking overhead bytes  	[MsgId: MMSG-26387]
Action.c(382): web_reg_save_param_ex started  	[MsgId: MMSG-26355]
Action.c(382): Registering web_reg_save_param_ex was successful  	[MsgId: MMSG-26390]
Action.c(392): web_url("mail.yandex.ru_2") started  	[MsgId: MMSG-26355]
Action.c(392): Redirecting "https://mail.yandex.ru/?uid=337788035" (redirection depth is 0)  	[MsgId: MMSG-26694]
Action.c(392): To location "https://passport.yandex.ru/auth?from=mail&origin=hostroot_homer_auth_L_ru&retpath=https%3A%2F%2Fmail.yandex.ru%2F%3Fuid%3D337788035&backpath=https%3A%2F%2Fmail.yandex.ru%3Fnoretpath%3D1"  	[MsgId: MMSG-26693]
Action.c(392): Error -27792: Failed to connect to server "passport.yandex.ru:443": [10060] Connection timed out  	[MsgId: MERR-27792]
Action.c(392): Error -35061: No match found for the requested parameter "reqid_2". Either the specified boundaries were not found in the response or the matched text is longer than current max html parameter size of 256 bytes. The total length of the response is 207 bytes. You can use "web_set_max_html_param_len" to increase the max parameter size.  	[MsgId: MERR-35061]
End auto log messages stack.


Start auto log messages stack - Iteration 113.
Action.c(5): web_set_sockets_option started  	[MsgId: MMSG-26355]
Action.c(5): web_set_sockets_option was successful  	[MsgId: MMSG-26392]
Action.c(13): web_reg_save_param_ex started  	[MsgId: MMSG-26355]
Action.c(13): Registering web_reg_save_param_ex was successful  	[MsgId: MMSG-26390]
Action.c(23): web_reg_find started  	[MsgId: MMSG-26355]
Action.c(23): Registering web_reg_find was successful  	[MsgId: MMSG-26390]
Action.c(27): web_url("mail.yandex.ru") started  	[MsgId: MMSG-26355]
Action.c(27): Redirecting "http://mail.yandex.ru/" (redirection depth is 0)  	[MsgId: MMSG-26694]
Action.c(27): To location "https://mail.yandex.ru/"  	[MsgId: MMSG-26693]
Action.c(27): Error -27792: Failed to connect to server "mail.yandex.ru:443": [10060] Connection timed out  	[MsgId: MERR-27792]
Action.c(27): Error -35061: No match found for the requested parameter "yu". Either the specified boundaries were not found in the response or the matched text is longer than current max html parameter size of 256 bytes. The total length of the response is 178 bytes. You can use "web_set_max_html_param_len" to increase the max parameter size.  	[MsgId: MERR-35061]
Action.c(27): Error -26366: "Text=Яндекс.Почта" not found for web_reg_find  	[MsgId: MERR-26366]
End auto log messages stack.


Start auto log messages stack - Iteration 132.
Action.c(237): Found resource "https://yastatic.net/s3/liza/_/csw.js" in HTML "https://mail.yandex.ru/"  	[MsgId: MMSG-26659]
Action.c(237): Found resource "https://yastatic.net/s3/liza/_/30cc63fb090af82891f9-bootstrap.js" in HTML "https://mail.yandex.ru/"  	[MsgId: MMSG-26659]
Action.c(237): Found resource "https://yastatic.net/jquery/1.12.4/jquery.min.js" in HTML "https://mail.yandex.ru/"  	[MsgId: MMSG-26659]
Action.c(237): web_url("redirect") was successful, 246373 body bytes, 10166 header bytes, 122 chunking overhead bytes  	[MsgId: MMSG-26385]
Action.c(247): web_convert_param started  	[MsgId: MMSG-26355]
Action.c(247): web_convert_param was successful  	[MsgId: MMSG-26392]
Action.c(258): web_websocket_connect started  	[MsgId: MMSG-26355]
Action.c(258): Error -27792: Failed to connect to server "mail.yandex.ru:443": [10060] Connection timed out  	[MsgId: MERR-27792]
End auto log messages stack.


Start auto log messages stack - Iteration 125.
Action.c(237): Found resource "https://yastatic.net/s3/liza/_/30cc63fb090af82891f9-bootstrap.js" in HTML "https://mail.yandex.ru/"  	[MsgId: MMSG-26659]
Action.c(237): web_url("redirect") was successful, 212955 body bytes, 9315 header bytes, 139 chunking overhead bytes  	[MsgId: MMSG-26385]
Action.c(247): web_convert_param started  	[MsgId: MMSG-26355]
Action.c(247): web_convert_param was successful  	[MsgId: MMSG-26392]
Action.c(258): web_websocket_connect started  	[MsgId: MMSG-26355]
Action.c(258): web_websocket_connect was successful, 147 body bytes, 708 header bytes, 11 chunking overhead bytes  	[MsgId: MMSG-26385]
Action.c(268): web_url("data") started  	[MsgId: MMSG-26355]
Action.c(268): Error -27792: Failed to connect to server "yandex.ru:443": [10060] Connection timed out  	[MsgId: MERR-27792]
End auto log messages stack.


Start auto log messages stack - Iteration 133.
Action.c(356): Warning -35046: The WebSocket whose ID is "0" is not connected  	[MsgId: MWAR-35046]
Action.c(356): web_websocket_send highest severity level was "warning"  	[MsgId: MMSG-26391]
Action.c(361): web_reg_find started  	[MsgId: MMSG-26355]
Action.c(361): Registering web_reg_find was successful  	[MsgId: MMSG-26390]
Action.c(365): web_url("passport") started  	[MsgId: MMSG-26355]
Action.c(365): Redirecting "https://passport.yandex.ru/passport?mode=embeddedauth&action=logout&uid=586221334&yu=1071038941578603558&retpath=https%3A%2F%2Fyandex.ru" (redirection depth is 0)  	[MsgId: MMSG-26694]
Action.c(365): To location "https://passport.yandex.ru/auth/finish/?track_id=3e3dd2e95bb39ba62189025b3e482ae648"  	[MsgId: MMSG-26693]
Action.c(365): Error -27792: Failed to connect to server "passport.yandex.ru:443": [10060] Connection timed out  	[MsgId: MERR-27792]
End auto log messages stack.


Start auto log messages stack - Iteration 147.
Starting action Action.
Action.c(3): Notify: Transaction "0_homepage" started.
Action.c(5): web_set_sockets_option started  	[MsgId: MMSG-26355]
Action.c(5): web_set_sockets_option was successful  	[MsgId: MMSG-26392]
Action.c(13): web_reg_save_param_ex started  	[MsgId: MMSG-26355]
Action.c(13): Registering web_reg_save_param_ex was successful  	[MsgId: MMSG-26390]
Action.c(23): web_reg_find started  	[MsgId: MMSG-26355]
Action.c(23): Registering web_reg_find was successful  	[MsgId: MMSG-26390]
Action.c(27): web_url("mail.yandex.ru") started  	[MsgId: MMSG-26355]
Action.c(27): Error -27792: Failed to connect to server "mail.yandex.ru:80": [10060] Connection timed out  	[MsgId: MERR-27792]
Action.c(27): Error -35061: No match found for the requested parameter "yu". Either the specified boundaries were not found in the response or the matched text is longer than current max html parameter size of 256 bytes. The total length of the response is 0 bytes. You can use "web_set_max_html_param_len" to increase the max parameter size.  	[MsgId: MERR-35061]
Action.c(27): Error -26366: "Text=Яндекс.Почта" not found for web_reg_find  	[MsgId: MERR-26366]
Action.c(27): Error -26374: The above "not found" error(s) may be explained by header and body byte counts being 0 and 0, respectively.  	[MsgId: MERR-26374]
End auto log messages stack.


Start auto log messages stack - Iteration 149.
Action.c(237): Found resource "https://yastatic.net/s3/liza/_/csw.js" in HTML "https://mail.yandex.ru/"  	[MsgId: MMSG-26659]
Action.c(237): Found resource "https://yastatic.net/s3/liza/_/30cc63fb090af82891f9-bootstrap.js" in HTML "https://mail.yandex.ru/"  	[MsgId: MMSG-26659]
Action.c(237): Found resource "https://yastatic.net/jquery/1.12.4/jquery.min.js" in HTML "https://mail.yandex.ru/"  	[MsgId: MMSG-26659]
Action.c(237): web_url("redirect") was successful, 246380 body bytes, 10153 header bytes, 56 chunking overhead bytes  	[MsgId: MMSG-26385]
Action.c(247): web_convert_param started  	[MsgId: MMSG-26355]
Action.c(247): web_convert_param was successful  	[MsgId: MMSG-26392]
Action.c(258): web_websocket_connect started  	[MsgId: MMSG-26355]
Action.c(258): Error -27792: Failed to connect to server "mail.yandex.ru:443": [10060] Connection timed out  	[MsgId: MERR-27792]
End auto log messages stack.


