Start auto log messages stack - Iteration 109.
Action.c(353): web_url("passport") was successful, 490341 body bytes, 12216 header bytes, 236 chunking overhead bytes  	[MsgId: MMSG-26385]
Action.c(370): web_reg_save_param_ex started  	[MsgId: MMSG-26355]
Action.c(370): Registering web_reg_save_param_ex was successful  	[MsgId: MMSG-26390]
Action.c(380): web_url("mail.yandex.ru_2") started  	[MsgId: MMSG-26355]
Action.c(380): Redirecting "https://mail.yandex.ru/?uid=337788035" (redirection depth is 0)  	[MsgId: MMSG-26694]
Action.c(380): To location "https://passport.yandex.ru/auth?from=mail&origin=hostroot_homer_auth_L_ru&retpath=https%3A%2F%2Fmail.yandex.ru%2F%3Fuid%3D337788035&backpath=https%3A%2F%2Fmail.yandex.ru%3Fnoretpath%3D1"  	[MsgId: MMSG-26693]
Action.c(380): Error -27792: Failed to connect to server "passport.yandex.ru:443": [10060] Connection timed out  	[MsgId: MERR-27792]
Action.c(380): Error -35061: No match found for the requested parameter "reqid_2". Either the specified boundaries were not found in the response or the matched text is longer than current max html parameter size of 256 bytes. The total length of the response is 207 bytes. You can use "web_set_max_html_param_len" to increase the max parameter size.  	[MsgId: MERR-35061]
End auto log messages stack.


Start auto log messages stack - Iteration 161.
Action.c(229): Found resource "https://yastatic.net/s3/liza/_/csw.js" in HTML "https://mail.yandex.ru/"  	[MsgId: MMSG-26659]
Action.c(229): Found resource "https://yastatic.net/s3/liza/_/2a62b434352ed5b8e1e3-bootstrap.js" in HTML "https://mail.yandex.ru/"  	[MsgId: MMSG-26659]
Action.c(229): Found resource "https://yastatic.net/jquery/1.12.4/jquery.min.js" in HTML "https://mail.yandex.ru/"  	[MsgId: MMSG-26659]
Action.c(229): web_url("redirect") was successful, 247655 body bytes, 9740 header bytes, 125 chunking overhead bytes  	[MsgId: MMSG-26385]
Action.c(239): web_convert_param started  	[MsgId: MMSG-26355]
Action.c(239): web_convert_param was successful  	[MsgId: MMSG-26392]
Action.c(250): web_websocket_connect started  	[MsgId: MMSG-26355]
Action.c(250): Error -27792: Failed to connect to server "mail.yandex.ru:443": [10060] Connection timed out  	[MsgId: MERR-27792]
End auto log messages stack.


Start auto log messages stack - Iteration 183.
Starting action Action.
Action.c(3): Notify: Transaction "0_homepage" started.
Action.c(5): web_set_sockets_option started  	[MsgId: MMSG-26355]
Action.c(5): web_set_sockets_option was successful  	[MsgId: MMSG-26392]
Action.c(13): web_reg_save_param_ex started  	[MsgId: MMSG-26355]
Action.c(13): Registering web_reg_save_param_ex was successful  	[MsgId: MMSG-26390]
Action.c(23): web_url("mail.yandex.ru") started  	[MsgId: MMSG-26355]
Action.c(23): Error -27792: Failed to connect to server "mail.yandex.ru:80": [10060] Connection timed out  	[MsgId: MERR-27792]
Action.c(23): Error -35061: No match found for the requested parameter "yu". Either the specified boundaries were not found in the response or the matched text is longer than current max html parameter size of 256 bytes. The total length of the response is 0 bytes. You can use "web_set_max_html_param_len" to increase the max parameter size.  	[MsgId: MERR-35061]
End auto log messages stack.


Start auto log messages stack - Iteration 61.
Action.c(229): Found resource "https://yastatic.net/s3/liza/_/csw.js" in HTML "https://mail.yandex.ru/"  	[MsgId: MMSG-26659]
Action.c(229): Found resource "https://yastatic.net/s3/liza/_/2a62b434352ed5b8e1e3-bootstrap.js" in HTML "https://mail.yandex.ru/"  	[MsgId: MMSG-26659]
Action.c(229): Found resource "https://yastatic.net/jquery/1.12.4/jquery.min.js" in HTML "https://mail.yandex.ru/"  	[MsgId: MMSG-26659]
Action.c(229): web_url("redirect") was successful, 248692 body bytes, 9735 header bytes, 82 chunking overhead bytes  	[MsgId: MMSG-26385]
Action.c(239): web_convert_param started  	[MsgId: MMSG-26355]
Action.c(239): web_convert_param was successful  	[MsgId: MMSG-26392]
Action.c(250): web_websocket_connect started  	[MsgId: MMSG-26355]
Action.c(250): Error -27792: Failed to connect to server "mail.yandex.ru:443": [10060] Connection timed out  	[MsgId: MERR-27792]
End auto log messages stack.


Start auto log messages stack - Iteration 62.
Action.c(229): Found resource "https://yastatic.net/s3/liza/_/csw.js" in HTML "https://mail.yandex.ru/"  	[MsgId: MMSG-26659]
Action.c(229): Found resource "https://yastatic.net/s3/liza/_/2a62b434352ed5b8e1e3-bootstrap.js" in HTML "https://mail.yandex.ru/"  	[MsgId: MMSG-26659]
Action.c(229): Found resource "https://yastatic.net/jquery/1.12.4/jquery.min.js" in HTML "https://mail.yandex.ru/"  	[MsgId: MMSG-26659]
Action.c(229): web_url("redirect") was successful, 248750 body bytes, 9750 header bytes, 110 chunking overhead bytes  	[MsgId: MMSG-26385]
Action.c(239): web_convert_param started  	[MsgId: MMSG-26355]
Action.c(239): web_convert_param was successful  	[MsgId: MMSG-26392]
Action.c(250): web_websocket_connect started  	[MsgId: MMSG-26355]
Action.c(250): Error -27792: Failed to connect to server "mail.yandex.ru:443": [10060] Connection timed out  	[MsgId: MERR-27792]
End auto log messages stack.


Start auto log messages stack - Iteration 75.
Action.c(229): Found resource "https://yastatic.net/s3/liza/_/csw.js" in HTML "https://mail.yandex.ru/"  	[MsgId: MMSG-26659]
Action.c(229): Found resource "https://yastatic.net/s3/liza/_/2a62b434352ed5b8e1e3-bootstrap.js" in HTML "https://mail.yandex.ru/"  	[MsgId: MMSG-26659]
Action.c(229): Found resource "https://yastatic.net/jquery/1.12.4/jquery.min.js" in HTML "https://mail.yandex.ru/"  	[MsgId: MMSG-26659]
Action.c(229): web_url("redirect") was successful, 248785 body bytes, 9735 header bytes, 127 chunking overhead bytes  	[MsgId: MMSG-26385]
Action.c(239): web_convert_param started  	[MsgId: MMSG-26355]
Action.c(239): web_convert_param was successful  	[MsgId: MMSG-26392]
Action.c(250): web_websocket_connect started  	[MsgId: MMSG-26355]
Action.c(250): Error -27792: Failed to connect to server "mail.yandex.ru:443": [10060] Connection timed out  	[MsgId: MERR-27792]
End auto log messages stack.


Start auto log messages stack - Iteration 76.
Action.c(339): Notify: Transaction "4_send_message" ended with a "Pass" status (Duration: 0,3710).
Action.c(344): Notify: Transaction "5_logout" started.
Action.c(348): web_websocket_send started  	[MsgId: MMSG-26355]
Action.c(348): Warning -35046: The WebSocket whose ID is "0" is not connected  	[MsgId: MWAR-35046]
Action.c(348): web_websocket_send highest severity level was "warning"  	[MsgId: MMSG-26391]
Action.c(353): web_url("passport") started  	[MsgId: MMSG-26355]
Action.c(353): Redirecting "https://passport.yandex.ru/passport?mode=embeddedauth&action=logout&uid=586221334&yu=6477431691575490757&retpath=https%3A%2F%2Fyandex.ru" (redirection depth is 0)  	[MsgId: MMSG-26694]
Action.c(353): To location "https://passport.yandex.ru/auth/finish/?track_id=3faf2827e059908482df6ae1946a7a4886"  	[MsgId: MMSG-26693]
Action.c(353): Error -27792: Failed to connect to server "passport.yandex.ru:443": [10060] Connection timed out  	[MsgId: MERR-27792]
End auto log messages stack.


Start auto log messages stack - Iteration 228.
Starting action Action.
Action.c(3): Notify: Transaction "0_homepage" started.
Action.c(5): web_set_sockets_option started  	[MsgId: MMSG-26355]
Action.c(5): web_set_sockets_option was successful  	[MsgId: MMSG-26392]
Action.c(13): web_reg_save_param_ex started  	[MsgId: MMSG-26355]
Action.c(13): Registering web_reg_save_param_ex was successful  	[MsgId: MMSG-26390]
Action.c(23): web_url("mail.yandex.ru") started  	[MsgId: MMSG-26355]
Action.c(23): Redirecting "http://mail.yandex.ru/" (redirection depth is 0)  	[MsgId: MMSG-26694]
Action.c(23): To location "https://mail.yandex.ru/"  	[MsgId: MMSG-26693]
Action.c(23): Error -27792: Failed to connect to server "mail.yandex.ru:443": [10060] Connection timed out  	[MsgId: MERR-27792]
Action.c(23): Error -35061: No match found for the requested parameter "yu". Either the specified boundaries were not found in the response or the matched text is longer than current max html parameter size of 256 bytes. The total length of the response is 178 bytes. You can use "web_set_max_html_param_len" to increase the max parameter size.  	[MsgId: MERR-35061]
End auto log messages stack.


Start auto log messages stack - Iteration 82.
Action.c(229): Found resource "https://yastatic.net/jquery/1.12.4/jquery.min.js" in HTML "https://mail.yandex.ru/"  	[MsgId: MMSG-26659]
Action.c(229): web_url("redirect") was successful, 248836 body bytes, 9735 header bytes, 70 chunking overhead bytes  	[MsgId: MMSG-26385]
Action.c(239): web_convert_param started  	[MsgId: MMSG-26355]
Action.c(239): web_convert_param was successful  	[MsgId: MMSG-26392]
Action.c(250): web_websocket_connect started  	[MsgId: MMSG-26355]
Action.c(250): web_websocket_connect was successful, 149 body bytes, 708 header bytes, 11 chunking overhead bytes  	[MsgId: MMSG-26385]
Action.c(260): web_url("data") started  	[MsgId: MMSG-26355]
Action.c(260): Error -27792: Failed to connect to server "yandex.ru:443": [10060] Connection timed out  	[MsgId: MERR-27792]
End auto log messages stack.


Start auto log messages stack - Iteration 87.
Action.c(339): Notify: Transaction "4_send_message" ended with a "Pass" status (Duration: 0,4103).
Action.c(344): Notify: Transaction "5_logout" started.
Action.c(348): web_websocket_send started  	[MsgId: MMSG-26355]
Action.c(348): Warning -35046: The WebSocket whose ID is "0" is not connected  	[MsgId: MWAR-35046]
Action.c(348): web_websocket_send highest severity level was "warning"  	[MsgId: MMSG-26391]
Action.c(353): web_url("passport") started  	[MsgId: MMSG-26355]
Action.c(353): Redirecting "https://passport.yandex.ru/passport?mode=embeddedauth&action=logout&uid=586221334&yu=501583701575491043&retpath=https%3A%2F%2Fyandex.ru" (redirection depth is 0)  	[MsgId: MMSG-26694]
Action.c(353): To location "https://passport.yandex.ru/auth/finish/?track_id=b486e12c5497ddca60032aac3192169f43"  	[MsgId: MMSG-26693]
Action.c(353): Error -27792: Failed to connect to server "passport.yandex.ru:443": [10060] Connection timed out  	[MsgId: MERR-27792]
End auto log messages stack.


Start auto log messages stack - Iteration 234.
Starting action Action.
Action.c(3): Notify: Transaction "0_homepage" started.
Action.c(5): web_set_sockets_option started  	[MsgId: MMSG-26355]
Action.c(5): web_set_sockets_option was successful  	[MsgId: MMSG-26392]
Action.c(13): web_reg_save_param_ex started  	[MsgId: MMSG-26355]
Action.c(13): Registering web_reg_save_param_ex was successful  	[MsgId: MMSG-26390]
Action.c(23): web_url("mail.yandex.ru") started  	[MsgId: MMSG-26355]
Action.c(23): Redirecting "http://mail.yandex.ru/" (redirection depth is 0)  	[MsgId: MMSG-26694]
Action.c(23): To location "https://mail.yandex.ru/"  	[MsgId: MMSG-26693]
Action.c(23): Error -27792: Failed to connect to server "mail.yandex.ru:443": [10060] Connection timed out  	[MsgId: MERR-27792]
Action.c(23): Error -35061: No match found for the requested parameter "yu". Either the specified boundaries were not found in the response or the matched text is longer than current max html parameter size of 256 bytes. The total length of the response is 178 bytes. You can use "web_set_max_html_param_len" to increase the max parameter size.  	[MsgId: MERR-35061]
End auto log messages stack.


Start auto log messages stack - Iteration 239.
Action.c(339): Notify: Transaction "4_send_message" ended with a "Pass" status (Duration: 0,3957).
Action.c(344): Notify: Transaction "5_logout" started.
Action.c(348): web_websocket_send started  	[MsgId: MMSG-26355]
Action.c(348): Warning -35046: The WebSocket whose ID is "0" is not connected  	[MsgId: MWAR-35046]
Action.c(348): web_websocket_send highest severity level was "warning"  	[MsgId: MMSG-26391]
Action.c(353): web_url("passport") started  	[MsgId: MMSG-26355]
Action.c(353): Redirecting "https://passport.yandex.ru/passport?mode=embeddedauth&action=logout&uid=337788035&yu=4763680001575491197&retpath=https%3A%2F%2Fyandex.ru" (redirection depth is 0)  	[MsgId: MMSG-26694]
Action.c(353): To location "https://passport.yandex.ru/auth/finish/?track_id=77e0b2a285b4a07cc6cec0b9b0e91fbe83"  	[MsgId: MMSG-26693]
Action.c(353): Error -27792: Failed to connect to server "passport.yandex.ru:443": [10060] Connection timed out  	[MsgId: MERR-27792]
End auto log messages stack.


Start auto log messages stack - Iteration 99.
Action.c(339): Notify: Transaction "4_send_message" ended with a "Pass" status (Duration: 0,5229).
Action.c(344): Notify: Transaction "5_logout" started.
Action.c(348): web_websocket_send started  	[MsgId: MMSG-26355]
Action.c(348): Warning -35046: The WebSocket whose ID is "0" is not connected  	[MsgId: MWAR-35046]
Action.c(348): web_websocket_send highest severity level was "warning"  	[MsgId: MMSG-26391]
Action.c(353): web_url("passport") started  	[MsgId: MMSG-26355]
Action.c(353): Redirecting "https://passport.yandex.ru/passport?mode=embeddedauth&action=logout&uid=586221334&yu=9648392751575491347&retpath=https%3A%2F%2Fyandex.ru" (redirection depth is 0)  	[MsgId: MMSG-26694]
Action.c(353): To location "https://passport.yandex.ru/auth/finish/?track_id=f198469651ef0f65e2437a225204fe7441"  	[MsgId: MMSG-26693]
Action.c(353): Error -27792: Failed to connect to server "passport.yandex.ru:443": [10060] Connection timed out  	[MsgId: MERR-27792]
End auto log messages stack.


Start auto log messages stack - Iteration 252.
Action.c(34): Notify: Transaction "0_homepage" ended with a "Pass" status (Duration: 3,2001 Wasted Time: 0,0019).
Action.c(41): Notify: Transaction "1_login" started.
Action.c(50): web_reg_save_param_ex started  	[MsgId: MMSG-26355]
Action.c(50): Registering web_reg_save_param_ex was successful  	[MsgId: MMSG-26390]
Action.c(65): web_reg_save_param_ex started  	[MsgId: MMSG-26355]
Action.c(65): Registering web_reg_save_param_ex was successful  	[MsgId: MMSG-26390]
Action.c(80): web_reg_save_param_ex started  	[MsgId: MMSG-26355]
Action.c(80): Registering web_reg_save_param_ex was successful  	[MsgId: MMSG-26390]
Action.c(89): web_url("auth") started  	[MsgId: MMSG-26355]
Action.c(89): Error -27792: Failed to connect to server "passport.yandex.ru:443": [10060] Connection timed out  	[MsgId: MERR-27792]
Action.c(89): Error -35061: No match found for the requested parameter "csrf_token". Either the specified boundaries were not found in the response or the matched text is longer than current max html parameter size of 256 bytes. The total length of the response is 0 bytes. You can use "web_set_max_html_param_len" to increase the max parameter size.  	[MsgId: MERR-35061]
Action.c(89): Error -35061: No match found for the requested parameter "process_uuid". Either the specified boundaries were not found in the response or the matched text is longer than current max html parameter size of 256 bytes. The total length of the response is 0 bytes. You can use "web_set_max_html_param_len" to increase the max parameter size.  	[MsgId: MERR-35061]
Action.c(89): Error -35061: No match found for the requested parameter "reqid_1". Either the specified boundaries were not found in the response or the matched text is longer than current max html parameter size of 256 bytes. The total length of the response is 0 bytes. You can use "web_set_max_html_param_len" to increase the max parameter size.  	[MsgId: MERR-35061]
End auto log messages stack.


Start auto log messages stack - Iteration 111.
Action.c(339): Notify: Transaction "4_send_message" ended with a "Pass" status (Duration: 0,4065).
Action.c(344): Notify: Transaction "5_logout" started.
Action.c(348): web_websocket_send started  	[MsgId: MMSG-26355]
Action.c(348): Warning -35046: The WebSocket whose ID is "0" is not connected  	[MsgId: MWAR-35046]
Action.c(348): web_websocket_send highest severity level was "warning"  	[MsgId: MMSG-26391]
Action.c(353): web_url("passport") started  	[MsgId: MMSG-26355]
Action.c(353): Redirecting "https://passport.yandex.ru/passport?mode=embeddedauth&action=logout&uid=586221334&yu=6584428141575491673&retpath=https%3A%2F%2Fyandex.ru" (redirection depth is 0)  	[MsgId: MMSG-26694]
Action.c(353): To location "https://passport.yandex.ru/auth/finish/?track_id=1c6c671e492e7a50e7eed51c16e279bb1d"  	[MsgId: MMSG-26693]
Action.c(353): Error -27792: Failed to connect to server "passport.yandex.ru:443": [10060] Connection timed out  	[MsgId: MERR-27792]
End auto log messages stack.


Start auto log messages stack - Iteration 113.
Starting action Action.
Action.c(3): Notify: Transaction "0_homepage" started.
Action.c(5): web_set_sockets_option started  	[MsgId: MMSG-26355]
Action.c(5): web_set_sockets_option was successful  	[MsgId: MMSG-26392]
Action.c(13): web_reg_save_param_ex started  	[MsgId: MMSG-26355]
Action.c(13): Registering web_reg_save_param_ex was successful  	[MsgId: MMSG-26390]
Action.c(23): web_url("mail.yandex.ru") started  	[MsgId: MMSG-26355]
Action.c(23): Redirecting "http://mail.yandex.ru/" (redirection depth is 0)  	[MsgId: MMSG-26694]
Action.c(23): To location "https://mail.yandex.ru/"  	[MsgId: MMSG-26693]
Action.c(23): Error -27792: Failed to connect to server "mail.yandex.ru:443": [10060] Connection timed out  	[MsgId: MERR-27792]
Action.c(23): Error -35061: No match found for the requested parameter "yu". Either the specified boundaries were not found in the response or the matched text is longer than current max html parameter size of 256 bytes. The total length of the response is 178 bytes. You can use "web_set_max_html_param_len" to increase the max parameter size.  	[MsgId: MERR-35061]
End auto log messages stack.


Start auto log messages stack - Iteration 264.
Action.c(353): web_url("passport") was successful, 490242 body bytes, 12188 header bytes, 284 chunking overhead bytes  	[MsgId: MMSG-26385]
Action.c(370): web_reg_save_param_ex started  	[MsgId: MMSG-26355]
Action.c(370): Registering web_reg_save_param_ex was successful  	[MsgId: MMSG-26390]
Action.c(380): web_url("mail.yandex.ru_2") started  	[MsgId: MMSG-26355]
Action.c(380): Redirecting "https://mail.yandex.ru/?uid=337788035" (redirection depth is 0)  	[MsgId: MMSG-26694]
Action.c(380): To location "https://passport.yandex.ru/auth?from=mail&origin=hostroot_homer_auth_L_ru&retpath=https%3A%2F%2Fmail.yandex.ru%2F%3Fuid%3D337788035&backpath=https%3A%2F%2Fmail.yandex.ru%3Fnoretpath%3D1"  	[MsgId: MMSG-26693]
Action.c(380): Error -27792: Failed to connect to server "passport.yandex.ru:443": [10060] Connection timed out  	[MsgId: MERR-27792]
Action.c(380): Error -35061: No match found for the requested parameter "reqid_2". Either the specified boundaries were not found in the response or the matched text is longer than current max html parameter size of 256 bytes. The total length of the response is 207 bytes. You can use "web_set_max_html_param_len" to increase the max parameter size.  	[MsgId: MERR-35061]
End auto log messages stack.


Start auto log messages stack - Iteration 126.
Action.c(353): web_url("passport") was successful, 490168 body bytes, 12252 header bytes, 236 chunking overhead bytes  	[MsgId: MMSG-26385]
Action.c(370): web_reg_save_param_ex started  	[MsgId: MMSG-26355]
Action.c(370): Registering web_reg_save_param_ex was successful  	[MsgId: MMSG-26390]
Action.c(380): web_url("mail.yandex.ru_2") started  	[MsgId: MMSG-26355]
Action.c(380): Redirecting "https://mail.yandex.ru/?uid=586221334" (redirection depth is 0)  	[MsgId: MMSG-26694]
Action.c(380): To location "https://passport.yandex.ru/auth?from=mail&origin=hostroot_homer_auth_L_ru&retpath=https%3A%2F%2Fmail.yandex.ru%2F%3Fuid%3D586221334&backpath=https%3A%2F%2Fmail.yandex.ru%3Fnoretpath%3D1"  	[MsgId: MMSG-26693]
Action.c(380): Error -27792: Failed to connect to server "passport.yandex.ru:443": [10060] Connection timed out  	[MsgId: MERR-27792]
Action.c(380): Error -35061: No match found for the requested parameter "reqid_2". Either the specified boundaries were not found in the response or the matched text is longer than current max html parameter size of 256 bytes. The total length of the response is 207 bytes. You can use "web_set_max_html_param_len" to increase the max parameter size.  	[MsgId: MERR-35061]
End auto log messages stack.


Start auto log messages stack - Iteration 273.
Action.c(353): Found resource "https://yastatic.net/s3/home-static/_/v/l/vxr5Ld97vW_H32z2Gyj8Ob_G0.js" in HTML "https://yandex.ru"  	[MsgId: MMSG-26659]
Action.c(353): Resource "https://mc.yandex.ru/metrika/watch.js" is in the cache already and will not be downloaded again  	[MsgId: MMSG-26655]
Action.c(353): web_url("passport") was successful, 489915 body bytes, 12186 header bytes, 303 chunking overhead bytes  	[MsgId: MMSG-26385]
Action.c(370): web_reg_save_param_ex started  	[MsgId: MMSG-26355]
Action.c(370): Registering web_reg_save_param_ex was successful  	[MsgId: MMSG-26390]
Action.c(380): web_url("mail.yandex.ru_2") started  	[MsgId: MMSG-26355]
Action.c(380): Error -27792: Failed to connect to server "mail.yandex.ru:443": [10060] Connection timed out  	[MsgId: MERR-27792]
Action.c(380): Error -35061: No match found for the requested parameter "reqid_2". Either the specified boundaries were not found in the response or the matched text is longer than current max html parameter size of 256 bytes. The total length of the response is 0 bytes. You can use "web_set_max_html_param_len" to increase the max parameter size.  	[MsgId: MERR-35061]
End auto log messages stack.


Start auto log messages stack - Iteration 135.
Action.c(34): Notify: Transaction "0_homepage" ended with a "Pass" status (Duration: 9,1223 Wasted Time: 0,0019).
Action.c(41): Notify: Transaction "1_login" started.
Action.c(50): web_reg_save_param_ex started  	[MsgId: MMSG-26355]
Action.c(50): Registering web_reg_save_param_ex was successful  	[MsgId: MMSG-26390]
Action.c(65): web_reg_save_param_ex started  	[MsgId: MMSG-26355]
Action.c(65): Registering web_reg_save_param_ex was successful  	[MsgId: MMSG-26390]
Action.c(80): web_reg_save_param_ex started  	[MsgId: MMSG-26355]
Action.c(80): Registering web_reg_save_param_ex was successful  	[MsgId: MMSG-26390]
Action.c(89): web_url("auth") started  	[MsgId: MMSG-26355]
Action.c(89): Error -27792: Failed to connect to server "passport.yandex.ru:443": [10060] Connection timed out  	[MsgId: MERR-27792]
Action.c(89): Error -35061: No match found for the requested parameter "csrf_token". Either the specified boundaries were not found in the response or the matched text is longer than current max html parameter size of 256 bytes. The total length of the response is 0 bytes. You can use "web_set_max_html_param_len" to increase the max parameter size.  	[MsgId: MERR-35061]
Action.c(89): Error -35061: No match found for the requested parameter "process_uuid". Either the specified boundaries were not found in the response or the matched text is longer than current max html parameter size of 256 bytes. The total length of the response is 0 bytes. You can use "web_set_max_html_param_len" to increase the max parameter size.  	[MsgId: MERR-35061]
Action.c(89): Error -35061: No match found for the requested parameter "reqid_1". Either the specified boundaries were not found in the response or the matched text is longer than current max html parameter size of 256 bytes. The total length of the response is 0 bytes. You can use "web_set_max_html_param_len" to increase the max parameter size.  	[MsgId: MERR-35061]
End auto log messages stack.


Start auto log messages stack - Iteration 139.
Action.c(353): web_url("passport") was successful, 491183 body bytes, 12468 header bytes, 236 chunking overhead bytes  	[MsgId: MMSG-26385]
Action.c(370): web_reg_save_param_ex started  	[MsgId: MMSG-26355]
Action.c(370): Registering web_reg_save_param_ex was successful  	[MsgId: MMSG-26390]
Action.c(380): web_url("mail.yandex.ru_2") started  	[MsgId: MMSG-26355]
Action.c(380): Redirecting "https://mail.yandex.ru/?uid=586221334" (redirection depth is 0)  	[MsgId: MMSG-26694]
Action.c(380): To location "https://passport.yandex.ru/auth?from=mail&origin=hostroot_homer_auth_L_ru&retpath=https%3A%2F%2Fmail.yandex.ru%2F%3Fuid%3D586221334&backpath=https%3A%2F%2Fmail.yandex.ru%3Fnoretpath%3D1"  	[MsgId: MMSG-26693]
Action.c(380): Error -27792: Failed to connect to server "passport.yandex.ru:443": [10060] Connection timed out  	[MsgId: MERR-27792]
Action.c(380): Error -35061: No match found for the requested parameter "reqid_2". Either the specified boundaries were not found in the response or the matched text is longer than current max html parameter size of 256 bytes. The total length of the response is 207 bytes. You can use "web_set_max_html_param_len" to increase the max parameter size.  	[MsgId: MERR-35061]
End auto log messages stack.


Start auto log messages stack - Iteration 288.
Action.c(339): Notify: Transaction "4_send_message" ended with a "Pass" status (Duration: 0,3994).
Action.c(344): Notify: Transaction "5_logout" started.
Action.c(348): web_websocket_send started  	[MsgId: MMSG-26355]
Action.c(348): Warning -35046: The WebSocket whose ID is "0" is not connected  	[MsgId: MWAR-35046]
Action.c(348): web_websocket_send highest severity level was "warning"  	[MsgId: MMSG-26391]
Action.c(353): web_url("passport") started  	[MsgId: MMSG-26355]
Action.c(353): Redirecting "https://passport.yandex.ru/passport?mode=embeddedauth&action=logout&uid=337788035&yu=4608543521575492633&retpath=https%3A%2F%2Fyandex.ru" (redirection depth is 0)  	[MsgId: MMSG-26694]
Action.c(353): To location "https://passport.yandex.ru/auth/finish/?track_id=163b4a9791183ee8371cd4503280e6a64a"  	[MsgId: MMSG-26693]
Action.c(353): Error -27792: Failed to connect to server "passport.yandex.ru:443": [10060] Connection timed out  	[MsgId: MERR-27792]
End auto log messages stack.


