Start auto log messages stack - Iteration 44.
Starting action Action.
Action.c(3): Notify: Transaction "0_homepage" started.
Action.c(5): web_set_sockets_option started  	[MsgId: MMSG-26355]
Action.c(5): web_set_sockets_option was successful  	[MsgId: MMSG-26392]
Action.c(13): web_reg_save_param_ex started  	[MsgId: MMSG-26355]
Action.c(13): Registering web_reg_save_param_ex was successful  	[MsgId: MMSG-26390]
Action.c(23): web_url("mail.yandex.ru") started  	[MsgId: MMSG-26355]
Action.c(23): Error -27792: Failed to connect to server "mail.yandex.ru:80": [10060] Connection timed out  	[MsgId: MERR-27792]
Action.c(23): Error -35061: No match found for the requested parameter "yu". Either the specified boundaries were not found in the response or the matched text is longer than current max html parameter size of 256 bytes. The total length of the response is 0 bytes. You can use "web_set_max_html_param_len" to increase the max parameter size.  	[MsgId: MERR-35061]
End auto log messages stack.


Start auto log messages stack - Iteration 24.
Action.c(353): web_url("passport") highest severity level was "warning", 487465 body bytes, 11951 header bytes, 242 chunking overhead bytes  	[MsgId: MMSG-26387]
Action.c(370): web_reg_save_param_ex started  	[MsgId: MMSG-26355]
Action.c(370): Registering web_reg_save_param_ex was successful  	[MsgId: MMSG-26390]
Action.c(380): web_url("mail.yandex.ru_2") started  	[MsgId: MMSG-26355]
Action.c(380): Redirecting "https://mail.yandex.ru/?uid=586221334" (redirection depth is 0)  	[MsgId: MMSG-26694]
Action.c(380): To location "https://passport.yandex.ru/auth?from=mail&origin=hostroot_homer_auth_L_ru&retpath=https%3A%2F%2Fmail.yandex.ru%2F%3Fuid%3D586221334&backpath=https%3A%2F%2Fmail.yandex.ru%3Fnoretpath%3D1"  	[MsgId: MMSG-26693]
Action.c(380): Error -27792: Failed to connect to server "passport.yandex.ru:443": [10060] Connection timed out  	[MsgId: MERR-27792]
Action.c(380): Error -35061: No match found for the requested parameter "reqid_2". Either the specified boundaries were not found in the response or the matched text is longer than current max html parameter size of 256 bytes. The total length of the response is 207 bytes. You can use "web_set_max_html_param_len" to increase the max parameter size.  	[MsgId: MERR-35061]
End auto log messages stack.


Start auto log messages stack - Iteration 49.
Action.c(229): Found resource "https://yastatic.net/jquery/1.12.4/jquery.min.js" in HTML "https://mail.yandex.ru/"  	[MsgId: MMSG-26659]
Action.c(229): web_url("redirect") was successful, 247618 body bytes, 9502 header bytes, 96 chunking overhead bytes  	[MsgId: MMSG-26385]
Action.c(239): web_convert_param started  	[MsgId: MMSG-26355]
Action.c(239): web_convert_param was successful  	[MsgId: MMSG-26392]
Action.c(250): web_websocket_connect started  	[MsgId: MMSG-26355]
Action.c(250): web_websocket_connect was successful, 149 body bytes, 708 header bytes, 11 chunking overhead bytes  	[MsgId: MMSG-26385]
Action.c(260): web_url("data") started  	[MsgId: MMSG-26355]
Action.c(260): Error -27792: Failed to connect to server "yandex.ru:443": [10060] Connection timed out  	[MsgId: MERR-27792]
End auto log messages stack.


Start auto log messages stack - Iteration 31.
Action.c(229): Found resource "https://yastatic.net/s3/liza/_/csw.js" in HTML "https://mail.yandex.ru/"  	[MsgId: MMSG-26659]
Action.c(229): Found resource "https://yastatic.net/s3/liza/_/2a62b434352ed5b8e1e3-bootstrap.js" in HTML "https://mail.yandex.ru/"  	[MsgId: MMSG-26659]
Action.c(229): Found resource "https://yastatic.net/jquery/1.12.4/jquery.min.js" in HTML "https://mail.yandex.ru/"  	[MsgId: MMSG-26659]
Action.c(229): web_url("redirect") was successful, 248833 body bytes, 9981 header bytes, 107 chunking overhead bytes  	[MsgId: MMSG-26385]
Action.c(239): web_convert_param started  	[MsgId: MMSG-26355]
Action.c(239): web_convert_param was successful  	[MsgId: MMSG-26392]
Action.c(250): web_websocket_connect started  	[MsgId: MMSG-26355]
Action.c(250): Error -27792: Failed to connect to server "mail.yandex.ru:443": [10060] Connection timed out  	[MsgId: MERR-27792]
End auto log messages stack.


Start auto log messages stack - Iteration 35.
Starting action Action.
Action.c(3): Notify: Transaction "0_homepage" started.
Action.c(5): web_set_sockets_option started  	[MsgId: MMSG-26355]
Action.c(5): web_set_sockets_option was successful  	[MsgId: MMSG-26392]
Action.c(13): web_reg_save_param_ex started  	[MsgId: MMSG-26355]
Action.c(13): Registering web_reg_save_param_ex was successful  	[MsgId: MMSG-26390]
Action.c(23): web_url("mail.yandex.ru") started  	[MsgId: MMSG-26355]
Action.c(23): Error -27792: Failed to connect to server "mail.yandex.ru:80": [10060] Connection timed out  	[MsgId: MERR-27792]
Action.c(23): Error -35061: No match found for the requested parameter "yu". Either the specified boundaries were not found in the response or the matched text is longer than current max html parameter size of 256 bytes. The total length of the response is 0 bytes. You can use "web_set_max_html_param_len" to increase the max parameter size.  	[MsgId: MERR-35061]
End auto log messages stack.


Start auto log messages stack - Iteration 57.
Action.c(339): Notify: Transaction "4_send_message" ended with a "Pass" status (Duration: 0,4290).
Action.c(344): Notify: Transaction "5_logout" started.
Action.c(348): web_websocket_send started  	[MsgId: MMSG-26355]
Action.c(348): Warning -35046: The WebSocket whose ID is "0" is not connected  	[MsgId: MWAR-35046]
Action.c(348): web_websocket_send highest severity level was "warning"  	[MsgId: MMSG-26391]
Action.c(353): web_url("passport") started  	[MsgId: MMSG-26355]
Action.c(353): Redirecting "https://passport.yandex.ru/passport?mode=embeddedauth&action=logout&uid=337788035&yu=1842932321575402587&retpath=https%3A%2F%2Fyandex.ru" (redirection depth is 0)  	[MsgId: MMSG-26694]
Action.c(353): To location "https://passport.yandex.ru/auth/finish/?track_id=aed938db0e49d45ad59d767a572b7d7e50"  	[MsgId: MMSG-26693]
Action.c(353): Error -27792: Failed to connect to server "passport.yandex.ru:443": [10060] Connection timed out  	[MsgId: MERR-27792]
End auto log messages stack.


Start auto log messages stack - Iteration 36.
Action.c(229): Found resource "https://yastatic.net/s3/liza/_/csw.js" in HTML "https://mail.yandex.ru/"  	[MsgId: MMSG-26659]
Action.c(229): Found resource "https://yastatic.net/s3/liza/_/2a62b434352ed5b8e1e3-bootstrap.js" in HTML "https://mail.yandex.ru/"  	[MsgId: MMSG-26659]
Action.c(229): Found resource "https://yastatic.net/jquery/1.12.4/jquery.min.js" in HTML "https://mail.yandex.ru/"  	[MsgId: MMSG-26659]
Action.c(229): web_url("redirect") was successful, 248664 body bytes, 9527 header bytes, 95 chunking overhead bytes  	[MsgId: MMSG-26385]
Action.c(239): web_convert_param started  	[MsgId: MMSG-26355]
Action.c(239): web_convert_param was successful  	[MsgId: MMSG-26392]
Action.c(250): web_websocket_connect started  	[MsgId: MMSG-26355]
Action.c(250): Error -27792: Failed to connect to server "mail.yandex.ru:443": [10060] Connection timed out  	[MsgId: MERR-27792]
End auto log messages stack.


Start auto log messages stack - Iteration 39.
Action.c(229): Found resource "https://yastatic.net/jquery/1.12.4/jquery.min.js" in HTML "https://mail.yandex.ru/"  	[MsgId: MMSG-26659]
Action.c(229): web_url("redirect") was successful, 248805 body bytes, 9735 header bytes, 126 chunking overhead bytes  	[MsgId: MMSG-26385]
Action.c(239): web_convert_param started  	[MsgId: MMSG-26355]
Action.c(239): web_convert_param was successful  	[MsgId: MMSG-26392]
Action.c(250): web_websocket_connect started  	[MsgId: MMSG-26355]
Action.c(250): web_websocket_connect was successful, 148 body bytes, 708 header bytes, 11 chunking overhead bytes  	[MsgId: MMSG-26385]
Action.c(260): web_url("data") started  	[MsgId: MMSG-26355]
Action.c(260): Error -27792: Failed to connect to server "yandex.ru:443": [10060] Connection timed out  	[MsgId: MERR-27792]
End auto log messages stack.


Start auto log messages stack - Iteration 40.
Action.c(229): Found resource "https://yastatic.net/s3/liza/_/csw.js" in HTML "https://mail.yandex.ru/"  	[MsgId: MMSG-26659]
Action.c(229): Found resource "https://yastatic.net/s3/liza/_/2a62b434352ed5b8e1e3-bootstrap.js" in HTML "https://mail.yandex.ru/"  	[MsgId: MMSG-26659]
Action.c(229): Found resource "https://yastatic.net/jquery/1.12.4/jquery.min.js" in HTML "https://mail.yandex.ru/"  	[MsgId: MMSG-26659]
Action.c(229): web_url("redirect") was successful, 248804 body bytes, 9720 header bytes, 114 chunking overhead bytes  	[MsgId: MMSG-26385]
Action.c(239): web_convert_param started  	[MsgId: MMSG-26355]
Action.c(239): web_convert_param was successful  	[MsgId: MMSG-26392]
Action.c(250): web_websocket_connect started  	[MsgId: MMSG-26355]
Action.c(250): Error -27792: Failed to connect to server "mail.yandex.ru:443": [10060] Connection timed out  	[MsgId: MERR-27792]
End auto log messages stack.


Start auto log messages stack - Iteration 61.
Action.c(353): Warning -27792: Failed to connect to server "avatars.mds.yandex.net:443": [10060] Connection timed out  	[MsgId: MWAR-27792]
Action.c(353): Warning -27792: Failed to connect to server "avatars.mds.yandex.net:443": [10060] Connection timed out  	[MsgId: MWAR-27792]
Action.c(353): web_url("passport") highest severity level was "warning", 485466 body bytes, 11382 header bytes, 236 chunking overhead bytes  	[MsgId: MMSG-26387]
Action.c(370): web_reg_save_param_ex started  	[MsgId: MMSG-26355]
Action.c(370): Registering web_reg_save_param_ex was successful  	[MsgId: MMSG-26390]
Action.c(380): web_url("mail.yandex.ru_2") started  	[MsgId: MMSG-26355]
Action.c(380): Error -27792: Failed to connect to server "mail.yandex.ru:443": [10060] Connection timed out  	[MsgId: MERR-27792]
Action.c(380): Error -35061: No match found for the requested parameter "reqid_2". Either the specified boundaries were not found in the response or the matched text is longer than current max html parameter size of 256 bytes. The total length of the response is 0 bytes. You can use "web_set_max_html_param_len" to increase the max parameter size.  	[MsgId: MERR-35061]
End auto log messages stack.


Start auto log messages stack - Iteration 42.
Action.c(353): web_url("passport") was successful, 492905 body bytes, 12466 header bytes, 236 chunking overhead bytes  	[MsgId: MMSG-26385]
Action.c(370): web_reg_save_param_ex started  	[MsgId: MMSG-26355]
Action.c(370): Registering web_reg_save_param_ex was successful  	[MsgId: MMSG-26390]
Action.c(380): web_url("mail.yandex.ru_2") started  	[MsgId: MMSG-26355]
Action.c(380): Redirecting "https://mail.yandex.ru/?uid=586221334" (redirection depth is 0)  	[MsgId: MMSG-26694]
Action.c(380): To location "https://passport.yandex.ru/auth?from=mail&origin=hostroot_homer_auth_L_ru&retpath=https%3A%2F%2Fmail.yandex.ru%2F%3Fuid%3D586221334&backpath=https%3A%2F%2Fmail.yandex.ru%3Fnoretpath%3D1"  	[MsgId: MMSG-26693]
Action.c(380): Error -27792: Failed to connect to server "passport.yandex.ru:443": [10060] Connection timed out  	[MsgId: MERR-27792]
Action.c(380): Error -35061: No match found for the requested parameter "reqid_2". Either the specified boundaries were not found in the response or the matched text is longer than current max html parameter size of 256 bytes. The total length of the response is 207 bytes. You can use "web_set_max_html_param_len" to increase the max parameter size.  	[MsgId: MERR-35061]
End auto log messages stack.


Start auto log messages stack - Iteration 63.
Action.c(353): Found resource "https://yastatic.net/s3/home-static/_/v/l/vxr5Ld97vW_H32z2Gyj8Ob_G0.js" in HTML "https://yandex.ru"  	[MsgId: MMSG-26659]
Action.c(353): Resource "https://mc.yandex.ru/metrika/watch.js" is in the cache already and will not be downloaded again  	[MsgId: MMSG-26655]
Action.c(353): web_url("passport") was successful, 492312 body bytes, 12503 header bytes, 271 chunking overhead bytes  	[MsgId: MMSG-26385]
Action.c(370): web_reg_save_param_ex started  	[MsgId: MMSG-26355]
Action.c(370): Registering web_reg_save_param_ex was successful  	[MsgId: MMSG-26390]
Action.c(380): web_url("mail.yandex.ru_2") started  	[MsgId: MMSG-26355]
Action.c(380): Error -27792: Failed to connect to server "mail.yandex.ru:443": [10060] Connection timed out  	[MsgId: MERR-27792]
Action.c(380): Error -35061: No match found for the requested parameter "reqid_2". Either the specified boundaries were not found in the response or the matched text is longer than current max html parameter size of 256 bytes. The total length of the response is 0 bytes. You can use "web_set_max_html_param_len" to increase the max parameter size.  	[MsgId: MERR-35061]
End auto log messages stack.


Start auto log messages stack - Iteration 43.
Action.c(229): Found resource "https://yastatic.net/jquery/1.12.4/jquery.min.js" in HTML "https://mail.yandex.ru/"  	[MsgId: MMSG-26659]
Action.c(229): web_url("redirect") was successful, 248843 body bytes, 10012 header bytes, 114 chunking overhead bytes  	[MsgId: MMSG-26385]
Action.c(239): web_convert_param started  	[MsgId: MMSG-26355]
Action.c(239): web_convert_param was successful  	[MsgId: MMSG-26392]
Action.c(250): web_websocket_connect started  	[MsgId: MMSG-26355]
Action.c(250): web_websocket_connect was successful, 148 body bytes, 708 header bytes, 11 chunking overhead bytes  	[MsgId: MMSG-26385]
Action.c(260): web_url("data") started  	[MsgId: MMSG-26355]
Action.c(260): Error -27792: Failed to connect to server "yandex.ru:443": [10060] Connection timed out  	[MsgId: MERR-27792]
End auto log messages stack.


Start auto log messages stack - Iteration 44.
Starting action Action.
Action.c(3): Notify: Transaction "0_homepage" started.
Action.c(5): web_set_sockets_option started  	[MsgId: MMSG-26355]
Action.c(5): web_set_sockets_option was successful  	[MsgId: MMSG-26392]
Action.c(13): web_reg_save_param_ex started  	[MsgId: MMSG-26355]
Action.c(13): Registering web_reg_save_param_ex was successful  	[MsgId: MMSG-26390]
Action.c(23): web_url("mail.yandex.ru") started  	[MsgId: MMSG-26355]
Action.c(23): Error -27792: Failed to connect to server "mail.yandex.ru:80": [10060] Connection timed out  	[MsgId: MERR-27792]
Action.c(23): Error -35061: No match found for the requested parameter "yu". Either the specified boundaries were not found in the response or the matched text is longer than current max html parameter size of 256 bytes. The total length of the response is 0 bytes. You can use "web_set_max_html_param_len" to increase the max parameter size.  	[MsgId: MERR-35061]
End auto log messages stack.


Start auto log messages stack - Iteration 45.
Action.c(229): Found resource "https://yastatic.net/jquery/1.12.4/jquery.min.js" in HTML "https://mail.yandex.ru/"  	[MsgId: MMSG-26659]
Action.c(229): web_url("redirect") was successful, 248828 body bytes, 9705 header bytes, 84 chunking overhead bytes  	[MsgId: MMSG-26385]
Action.c(239): web_convert_param started  	[MsgId: MMSG-26355]
Action.c(239): web_convert_param was successful  	[MsgId: MMSG-26392]
Action.c(250): web_websocket_connect started  	[MsgId: MMSG-26355]
Action.c(250): web_websocket_connect was successful, 148 body bytes, 708 header bytes, 11 chunking overhead bytes  	[MsgId: MMSG-26385]
Action.c(260): web_url("data") started  	[MsgId: MMSG-26355]
Action.c(260): Error -27792: Failed to connect to server "yandex.ru:443": [10060] Connection timed out  	[MsgId: MERR-27792]
End auto log messages stack.


Start auto log messages stack - Iteration 67.
Starting action Action.
Action.c(3): Notify: Transaction "0_homepage" started.
Action.c(5): web_set_sockets_option started  	[MsgId: MMSG-26355]
Action.c(5): web_set_sockets_option was successful  	[MsgId: MMSG-26392]
Action.c(13): web_reg_save_param_ex started  	[MsgId: MMSG-26355]
Action.c(13): Registering web_reg_save_param_ex was successful  	[MsgId: MMSG-26390]
Action.c(23): web_url("mail.yandex.ru") started  	[MsgId: MMSG-26355]
Action.c(23): Redirecting "http://mail.yandex.ru/" (redirection depth is 0)  	[MsgId: MMSG-26694]
Action.c(23): To location "https://mail.yandex.ru/"  	[MsgId: MMSG-26693]
Action.c(23): Error -27792: Failed to connect to server "mail.yandex.ru:443": [10060] Connection timed out  	[MsgId: MERR-27792]
Action.c(23): Error -35061: No match found for the requested parameter "yu". Either the specified boundaries were not found in the response or the matched text is longer than current max html parameter size of 256 bytes. The total length of the response is 178 bytes. You can use "web_set_max_html_param_len" to increase the max parameter size.  	[MsgId: MERR-35061]
End auto log messages stack.


Start auto log messages stack - Iteration 68.
Action.c(339): Notify: Transaction "4_send_message" ended with a "Pass" status (Duration: 0,4910).
Action.c(344): Notify: Transaction "5_logout" started.
Action.c(348): web_websocket_send started  	[MsgId: MMSG-26355]
Action.c(348): Warning -35046: The WebSocket whose ID is "0" is not connected  	[MsgId: MWAR-35046]
Action.c(348): web_websocket_send highest severity level was "warning"  	[MsgId: MMSG-26391]
Action.c(353): web_url("passport") started  	[MsgId: MMSG-26355]
Action.c(353): Redirecting "https://passport.yandex.ru/passport?mode=embeddedauth&action=logout&uid=337788035&yu=5279084301575403018&retpath=https%3A%2F%2Fyandex.ru" (redirection depth is 0)  	[MsgId: MMSG-26694]
Action.c(353): To location "https://passport.yandex.ru/auth/finish/?track_id=fdc22ac8de6a8f57b4d024bed4465d4c50"  	[MsgId: MMSG-26693]
Action.c(353): Error -27792: Failed to connect to server "passport.yandex.ru:443": [10060] Connection timed out  	[MsgId: MERR-27792]
End auto log messages stack.


Start auto log messages stack - Iteration 69.
Action.c(229): Found resource "https://yastatic.net/s3/liza/_/csw.js" in HTML "https://mail.yandex.ru/"  	[MsgId: MMSG-26659]
Action.c(229): Found resource "https://yastatic.net/s3/liza/_/2a62b434352ed5b8e1e3-bootstrap.js" in HTML "https://mail.yandex.ru/"  	[MsgId: MMSG-26659]
Action.c(229): Found resource "https://yastatic.net/jquery/1.12.4/jquery.min.js" in HTML "https://mail.yandex.ru/"  	[MsgId: MMSG-26659]
Action.c(229): web_url("redirect") was successful, 247706 body bytes, 9695 header bytes, 112 chunking overhead bytes  	[MsgId: MMSG-26385]
Action.c(239): web_convert_param started  	[MsgId: MMSG-26355]
Action.c(239): web_convert_param was successful  	[MsgId: MMSG-26392]
Action.c(250): web_websocket_connect started  	[MsgId: MMSG-26355]
Action.c(250): Error -27792: Failed to connect to server "mail.yandex.ru:443": [10060] Connection timed out  	[MsgId: MERR-27792]
End auto log messages stack.


Start auto log messages stack - Iteration 70.
Action.c(34): Notify: Transaction "0_homepage" ended with a "Pass" status (Duration: 21,0950 Wasted Time: 0,0013).
Action.c(41): Notify: Transaction "1_login" started.
Action.c(50): web_reg_save_param_ex started  	[MsgId: MMSG-26355]
Action.c(50): Registering web_reg_save_param_ex was successful  	[MsgId: MMSG-26390]
Action.c(65): web_reg_save_param_ex started  	[MsgId: MMSG-26355]
Action.c(65): Registering web_reg_save_param_ex was successful  	[MsgId: MMSG-26390]
Action.c(80): web_reg_save_param_ex started  	[MsgId: MMSG-26355]
Action.c(80): Registering web_reg_save_param_ex was successful  	[MsgId: MMSG-26390]
Action.c(89): web_url("auth") started  	[MsgId: MMSG-26355]
Action.c(89): Error -27792: Failed to connect to server "passport.yandex.ru:443": [10060] Connection timed out  	[MsgId: MERR-27792]
Action.c(89): Error -35061: No match found for the requested parameter "csrf_token". Either the specified boundaries were not found in the response or the matched text is longer than current max html parameter size of 256 bytes. The total length of the response is 0 bytes. You can use "web_set_max_html_param_len" to increase the max parameter size.  	[MsgId: MERR-35061]
Action.c(89): Error -35061: No match found for the requested parameter "process_uuid". Either the specified boundaries were not found in the response or the matched text is longer than current max html parameter size of 256 bytes. The total length of the response is 0 bytes. You can use "web_set_max_html_param_len" to increase the max parameter size.  	[MsgId: MERR-35061]
Action.c(89): Error -35061: No match found for the requested parameter "reqid_1". Either the specified boundaries were not found in the response or the matched text is longer than current max html parameter size of 256 bytes. The total length of the response is 0 bytes. You can use "web_set_max_html_param_len" to increase the max parameter size.  	[MsgId: MERR-35061]
End auto log messages stack.


Start auto log messages stack - Iteration 52.
Action.c(339): Notify: Transaction "4_send_message" ended with a "Pass" status (Duration: 0,4211).
Action.c(344): Notify: Transaction "5_logout" started.
Action.c(348): web_websocket_send started  	[MsgId: MMSG-26355]
Action.c(348): Warning -35046: The WebSocket whose ID is "0" is not connected  	[MsgId: MWAR-35046]
Action.c(348): web_websocket_send highest severity level was "warning"  	[MsgId: MMSG-26391]
Action.c(353): web_url("passport") started  	[MsgId: MMSG-26355]
Action.c(353): Redirecting "https://passport.yandex.ru/passport?mode=embeddedauth&action=logout&uid=586221334&yu=4432962051575403215&retpath=https%3A%2F%2Fyandex.ru" (redirection depth is 0)  	[MsgId: MMSG-26694]
Action.c(353): To location "https://passport.yandex.ru/auth/finish/?track_id=bf89ba269d8854a986650902d1cfca921b"  	[MsgId: MMSG-26693]
Action.c(353): Error -27792: Failed to connect to server "passport.yandex.ru:443": [10060] Connection timed out  	[MsgId: MERR-27792]
End auto log messages stack.


Start auto log messages stack - Iteration 53.
Action.c(229): Found resource "https://yastatic.net/s3/liza/_/csw.js" in HTML "https://mail.yandex.ru/"  	[MsgId: MMSG-26659]
Action.c(229): Found resource "https://yastatic.net/s3/liza/_/2a62b434352ed5b8e1e3-bootstrap.js" in HTML "https://mail.yandex.ru/"  	[MsgId: MMSG-26659]
Action.c(229): Found resource "https://yastatic.net/jquery/1.12.4/jquery.min.js" in HTML "https://mail.yandex.ru/"  	[MsgId: MMSG-26659]
Action.c(229): web_url("redirect") was successful, 248765 body bytes, 9703 header bytes, 72 chunking overhead bytes  	[MsgId: MMSG-26385]
Action.c(239): web_convert_param started  	[MsgId: MMSG-26355]
Action.c(239): web_convert_param was successful  	[MsgId: MMSG-26392]
Action.c(250): web_websocket_connect started  	[MsgId: MMSG-26355]
Action.c(250): Error -27792: Failed to connect to server "mail.yandex.ru:443": [10060] Connection timed out  	[MsgId: MERR-27792]
End auto log messages stack.


Start auto log messages stack - Iteration 55.
Action.c(34): Notify: Transaction "0_homepage" ended with a "Pass" status (Duration: 10,1032 Wasted Time: 0,0019).
Action.c(41): Notify: Transaction "1_login" started.
Action.c(50): web_reg_save_param_ex started  	[MsgId: MMSG-26355]
Action.c(50): Registering web_reg_save_param_ex was successful  	[MsgId: MMSG-26390]
Action.c(65): web_reg_save_param_ex started  	[MsgId: MMSG-26355]
Action.c(65): Registering web_reg_save_param_ex was successful  	[MsgId: MMSG-26390]
Action.c(80): web_reg_save_param_ex started  	[MsgId: MMSG-26355]
Action.c(80): Registering web_reg_save_param_ex was successful  	[MsgId: MMSG-26390]
Action.c(89): web_url("auth") started  	[MsgId: MMSG-26355]
Action.c(89): Error -27792: Failed to connect to server "passport.yandex.ru:443": [10060] Connection timed out  	[MsgId: MERR-27792]
Action.c(89): Error -35061: No match found for the requested parameter "csrf_token". Either the specified boundaries were not found in the response or the matched text is longer than current max html parameter size of 256 bytes. The total length of the response is 0 bytes. You can use "web_set_max_html_param_len" to increase the max parameter size.  	[MsgId: MERR-35061]
Action.c(89): Error -35061: No match found for the requested parameter "process_uuid". Either the specified boundaries were not found in the response or the matched text is longer than current max html parameter size of 256 bytes. The total length of the response is 0 bytes. You can use "web_set_max_html_param_len" to increase the max parameter size.  	[MsgId: MERR-35061]
Action.c(89): Error -35061: No match found for the requested parameter "reqid_1". Either the specified boundaries were not found in the response or the matched text is longer than current max html parameter size of 256 bytes. The total length of the response is 0 bytes. You can use "web_set_max_html_param_len" to increase the max parameter size.  	[MsgId: MERR-35061]
End auto log messages stack.


Start auto log messages stack - Iteration 76.
Action.c(229): Found resource "https://yastatic.net/jquery/1.12.4/jquery.min.js" in HTML "https://mail.yandex.ru/"  	[MsgId: MMSG-26659]
Action.c(229): web_url("redirect") was successful, 247757 body bytes, 10002 header bytes, 153 chunking overhead bytes  	[MsgId: MMSG-26385]
Action.c(239): web_convert_param started  	[MsgId: MMSG-26355]
Action.c(239): web_convert_param was successful  	[MsgId: MMSG-26392]
Action.c(250): web_websocket_connect started  	[MsgId: MMSG-26355]
Action.c(250): web_websocket_connect was successful, 147 body bytes, 708 header bytes, 11 chunking overhead bytes  	[MsgId: MMSG-26385]
Action.c(260): web_url("data") started  	[MsgId: MMSG-26355]
Action.c(260): Error -27792: Failed to connect to server "yandex.ru:443": [10060] Connection timed out  	[MsgId: MERR-27792]
End auto log messages stack.


Start auto log messages stack - Iteration 79.
Action.c(353): web_url("passport") highest severity level was "warning", 487418 body bytes, 11143 header bytes, 250 chunking overhead bytes  	[MsgId: MMSG-26387]
Action.c(370): web_reg_save_param_ex started  	[MsgId: MMSG-26355]
Action.c(370): Registering web_reg_save_param_ex was successful  	[MsgId: MMSG-26390]
Action.c(380): web_url("mail.yandex.ru_2") started  	[MsgId: MMSG-26355]
Action.c(380): Redirecting "https://mail.yandex.ru/?uid=337788035" (redirection depth is 0)  	[MsgId: MMSG-26694]
Action.c(380): To location "https://passport.yandex.ru/auth?from=mail&origin=hostroot_homer_auth_L_ru&retpath=https%3A%2F%2Fmail.yandex.ru%2F%3Fuid%3D337788035&backpath=https%3A%2F%2Fmail.yandex.ru%3Fnoretpath%3D1"  	[MsgId: MMSG-26693]
Action.c(380): Error -27792: Failed to connect to server "passport.yandex.ru:443": [10060] Connection timed out  	[MsgId: MERR-27792]
Action.c(380): Error -35061: No match found for the requested parameter "reqid_2". Either the specified boundaries were not found in the response or the matched text is longer than current max html parameter size of 256 bytes. The total length of the response is 207 bytes. You can use "web_set_max_html_param_len" to increase the max parameter size.  	[MsgId: MERR-35061]
End auto log messages stack.


Start auto log messages stack - Iteration 81.
Action.c(229): Found resource "https://yastatic.net/jquery/1.12.4/jquery.min.js" in HTML "https://mail.yandex.ru/"  	[MsgId: MMSG-26659]
Action.c(229): web_url("redirect") was successful, 247664 body bytes, 9710 header bytes, 72 chunking overhead bytes  	[MsgId: MMSG-26385]
Action.c(239): web_convert_param started  	[MsgId: MMSG-26355]
Action.c(239): web_convert_param was successful  	[MsgId: MMSG-26392]
Action.c(250): web_websocket_connect started  	[MsgId: MMSG-26355]
Action.c(250): web_websocket_connect was successful, 147 body bytes, 708 header bytes, 11 chunking overhead bytes  	[MsgId: MMSG-26385]
Action.c(260): web_url("data") started  	[MsgId: MMSG-26355]
Action.c(260): Error -27792: Failed to connect to server "yandex.ru:443": [10060] Connection timed out  	[MsgId: MERR-27792]
End auto log messages stack.


Start auto log messages stack - Iteration 66.
Action.c(353): Found resource "https://yastatic.net/s3/home-static/_/v/l/vxr5Ld97vW_H32z2Gyj8Ob_G0.js" in HTML "https://yandex.ru"  	[MsgId: MMSG-26659]
Action.c(353): Resource "https://mc.yandex.ru/metrika/watch.js" is in the cache already and will not be downloaded again  	[MsgId: MMSG-26655]
Action.c(353): web_url("passport") was successful, 490512 body bytes, 12467 header bytes, 270 chunking overhead bytes  	[MsgId: MMSG-26385]
Action.c(370): web_reg_save_param_ex started  	[MsgId: MMSG-26355]
Action.c(370): Registering web_reg_save_param_ex was successful  	[MsgId: MMSG-26390]
Action.c(380): web_url("mail.yandex.ru_2") started  	[MsgId: MMSG-26355]
Action.c(380): Error -27792: Failed to connect to server "mail.yandex.ru:443": [10060] Connection timed out  	[MsgId: MERR-27792]
Action.c(380): Error -35061: No match found for the requested parameter "reqid_2". Either the specified boundaries were not found in the response or the matched text is longer than current max html parameter size of 256 bytes. The total length of the response is 0 bytes. You can use "web_set_max_html_param_len" to increase the max parameter size.  	[MsgId: MERR-35061]
End auto log messages stack.


Start auto log messages stack - Iteration 85.
Starting action Action.
Action.c(3): Notify: Transaction "0_homepage" started.
Action.c(5): web_set_sockets_option started  	[MsgId: MMSG-26355]
Action.c(5): web_set_sockets_option was successful  	[MsgId: MMSG-26392]
Action.c(13): web_reg_save_param_ex started  	[MsgId: MMSG-26355]
Action.c(13): Registering web_reg_save_param_ex was successful  	[MsgId: MMSG-26390]
Action.c(23): web_url("mail.yandex.ru") started  	[MsgId: MMSG-26355]
Action.c(23): Error -27792: Failed to connect to server "mail.yandex.ru:80": [10060] Connection timed out  	[MsgId: MERR-27792]
Action.c(23): Error -35061: No match found for the requested parameter "yu". Either the specified boundaries were not found in the response or the matched text is longer than current max html parameter size of 256 bytes. The total length of the response is 0 bytes. You can use "web_set_max_html_param_len" to increase the max parameter size.  	[MsgId: MERR-35061]
End auto log messages stack.


Start auto log messages stack - Iteration 67.
Starting action Action.
Action.c(3): Notify: Transaction "0_homepage" started.
Action.c(5): web_set_sockets_option started  	[MsgId: MMSG-26355]
Action.c(5): web_set_sockets_option was successful  	[MsgId: MMSG-26392]
Action.c(13): web_reg_save_param_ex started  	[MsgId: MMSG-26355]
Action.c(13): Registering web_reg_save_param_ex was successful  	[MsgId: MMSG-26390]
Action.c(23): web_url("mail.yandex.ru") started  	[MsgId: MMSG-26355]
Action.c(23): Redirecting "http://mail.yandex.ru/" (redirection depth is 0)  	[MsgId: MMSG-26694]
Action.c(23): To location "https://mail.yandex.ru/"  	[MsgId: MMSG-26693]
Action.c(23): Error -27792: Failed to connect to server "mail.yandex.ru:443": [10060] Connection timed out  	[MsgId: MERR-27792]
Action.c(23): Error -35061: No match found for the requested parameter "yu". Either the specified boundaries were not found in the response or the matched text is longer than current max html parameter size of 256 bytes. The total length of the response is 178 bytes. You can use "web_set_max_html_param_len" to increase the max parameter size.  	[MsgId: MERR-35061]
End auto log messages stack.


Start auto log messages stack - Iteration 86.
Starting action Action.
Action.c(3): Notify: Transaction "0_homepage" started.
Action.c(5): web_set_sockets_option started  	[MsgId: MMSG-26355]
Action.c(5): web_set_sockets_option was successful  	[MsgId: MMSG-26392]
Action.c(13): web_reg_save_param_ex started  	[MsgId: MMSG-26355]
Action.c(13): Registering web_reg_save_param_ex was successful  	[MsgId: MMSG-26390]
Action.c(23): web_url("mail.yandex.ru") started  	[MsgId: MMSG-26355]
Action.c(23): Error -27792: Failed to connect to server "mail.yandex.ru:80": [10060] Connection timed out  	[MsgId: MERR-27792]
Action.c(23): Error -35061: No match found for the requested parameter "yu". Either the specified boundaries were not found in the response or the matched text is longer than current max html parameter size of 256 bytes. The total length of the response is 0 bytes. You can use "web_set_max_html_param_len" to increase the max parameter size.  	[MsgId: MERR-35061]
End auto log messages stack.


Start auto log messages stack - Iteration 68.
Action.c(339): Notify: Transaction "4_send_message" ended with a "Pass" status (Duration: 0,4609).
Action.c(344): Notify: Transaction "5_logout" started.
Action.c(348): web_websocket_send started  	[MsgId: MMSG-26355]
Action.c(348): Warning -35046: The WebSocket whose ID is "0" is not connected  	[MsgId: MWAR-35046]
Action.c(348): web_websocket_send highest severity level was "warning"  	[MsgId: MMSG-26391]
Action.c(353): web_url("passport") started  	[MsgId: MMSG-26355]
Action.c(353): Redirecting "https://passport.yandex.ru/passport?mode=embeddedauth&action=logout&uid=586221334&yu=1107248171575403795&retpath=https%3A%2F%2Fyandex.ru" (redirection depth is 0)  	[MsgId: MMSG-26694]
Action.c(353): To location "https://passport.yandex.ru/auth/finish/?track_id=e4416c5a7fb82d02b9433862f502fe5941"  	[MsgId: MMSG-26693]
Action.c(353): Error -27792: Failed to connect to server "passport.yandex.ru:443": [10060] Connection timed out  	[MsgId: MERR-27792]
End auto log messages stack.


Start auto log messages stack - Iteration 88.
Starting action Action.
Action.c(3): Notify: Transaction "0_homepage" started.
Action.c(5): web_set_sockets_option started  	[MsgId: MMSG-26355]
Action.c(5): web_set_sockets_option was successful  	[MsgId: MMSG-26392]
Action.c(13): web_reg_save_param_ex started  	[MsgId: MMSG-26355]
Action.c(13): Registering web_reg_save_param_ex was successful  	[MsgId: MMSG-26390]
Action.c(23): web_url("mail.yandex.ru") started  	[MsgId: MMSG-26355]
Action.c(23): Error -27792: Failed to connect to server "mail.yandex.ru:80": [10060] Connection timed out  	[MsgId: MERR-27792]
Action.c(23): Error -35061: No match found for the requested parameter "yu". Either the specified boundaries were not found in the response or the matched text is longer than current max html parameter size of 256 bytes. The total length of the response is 0 bytes. You can use "web_set_max_html_param_len" to increase the max parameter size.  	[MsgId: MERR-35061]
End auto log messages stack.


Start auto log messages stack - Iteration 90.
Starting action Action.
Action.c(3): Notify: Transaction "0_homepage" started.
Action.c(5): web_set_sockets_option started  	[MsgId: MMSG-26355]
Action.c(5): web_set_sockets_option was successful  	[MsgId: MMSG-26392]
Action.c(13): web_reg_save_param_ex started  	[MsgId: MMSG-26355]
Action.c(13): Registering web_reg_save_param_ex was successful  	[MsgId: MMSG-26390]
Action.c(23): web_url("mail.yandex.ru") started  	[MsgId: MMSG-26355]
Action.c(23): Redirecting "http://mail.yandex.ru/" (redirection depth is 0)  	[MsgId: MMSG-26694]
Action.c(23): To location "https://mail.yandex.ru/"  	[MsgId: MMSG-26693]
Action.c(23): Error -27792: Failed to connect to server "mail.yandex.ru:443": [10060] Connection timed out  	[MsgId: MERR-27792]
Action.c(23): Error -35061: No match found for the requested parameter "yu". Either the specified boundaries were not found in the response or the matched text is longer than current max html parameter size of 256 bytes. The total length of the response is 178 bytes. You can use "web_set_max_html_param_len" to increase the max parameter size.  	[MsgId: MERR-35061]
End auto log messages stack.


Start auto log messages stack - Iteration 92.
Action.c(229): Found resource "https://yastatic.net/s3/liza/_/csw.js" in HTML "https://mail.yandex.ru/"  	[MsgId: MMSG-26659]
Action.c(229): Found resource "https://yastatic.net/s3/liza/_/2a62b434352ed5b8e1e3-bootstrap.js" in HTML "https://mail.yandex.ru/"  	[MsgId: MMSG-26659]
Action.c(229): Found resource "https://yastatic.net/jquery/1.12.4/jquery.min.js" in HTML "https://mail.yandex.ru/"  	[MsgId: MMSG-26659]
Action.c(229): web_url("redirect") was successful, 247683 body bytes, 9710 header bytes, 101 chunking overhead bytes  	[MsgId: MMSG-26385]
Action.c(239): web_convert_param started  	[MsgId: MMSG-26355]
Action.c(239): web_convert_param was successful  	[MsgId: MMSG-26392]
Action.c(250): web_websocket_connect started  	[MsgId: MMSG-26355]
Action.c(250): Error -27792: Failed to connect to server "mail.yandex.ru:443": [10060] Connection timed out  	[MsgId: MERR-27792]
End auto log messages stack.


Start auto log messages stack - Iteration 75.
Action.c(229): Found resource "https://yastatic.net/s3/liza/_/csw.js" in HTML "https://mail.yandex.ru/"  	[MsgId: MMSG-26659]
Action.c(229): Found resource "https://yastatic.net/s3/liza/_/2a62b434352ed5b8e1e3-bootstrap.js" in HTML "https://mail.yandex.ru/"  	[MsgId: MMSG-26659]
Action.c(229): Found resource "https://yastatic.net/jquery/1.12.4/jquery.min.js" in HTML "https://mail.yandex.ru/"  	[MsgId: MMSG-26659]
Action.c(229): web_url("redirect") was successful, 248804 body bytes, 9719 header bytes, 138 chunking overhead bytes  	[MsgId: MMSG-26385]
Action.c(239): web_convert_param started  	[MsgId: MMSG-26355]
Action.c(239): web_convert_param was successful  	[MsgId: MMSG-26392]
Action.c(250): web_websocket_connect started  	[MsgId: MMSG-26355]
Action.c(250): Error -27792: Failed to connect to server "mail.yandex.ru:443": [10060] Connection timed out  	[MsgId: MERR-27792]
End auto log messages stack.


Start auto log messages stack - Iteration 77.
Action.c(229): Found resource "https://yastatic.net/s3/liza/_/csw.js" in HTML "https://mail.yandex.ru/"  	[MsgId: MMSG-26659]
Action.c(229): Found resource "https://yastatic.net/s3/liza/_/2a62b434352ed5b8e1e3-bootstrap.js" in HTML "https://mail.yandex.ru/"  	[MsgId: MMSG-26659]
Action.c(229): Found resource "https://yastatic.net/jquery/1.12.4/jquery.min.js" in HTML "https://mail.yandex.ru/"  	[MsgId: MMSG-26659]
Action.c(229): web_url("redirect") was successful, 248859 body bytes, 9982 header bytes, 131 chunking overhead bytes  	[MsgId: MMSG-26385]
Action.c(239): web_convert_param started  	[MsgId: MMSG-26355]
Action.c(239): web_convert_param was successful  	[MsgId: MMSG-26392]
Action.c(250): web_websocket_connect started  	[MsgId: MMSG-26355]
Action.c(250): Error -27792: Failed to connect to server "mail.yandex.ru:443": [10060] Connection timed out  	[MsgId: MERR-27792]
End auto log messages stack.


Start auto log messages stack - Iteration 102.
Action.c(353): web_url("passport") highest severity level was "warning", 487926 body bytes, 11650 header bytes, 257 chunking overhead bytes  	[MsgId: MMSG-26387]
Action.c(370): web_reg_save_param_ex started  	[MsgId: MMSG-26355]
Action.c(370): Registering web_reg_save_param_ex was successful  	[MsgId: MMSG-26390]
Action.c(380): web_url("mail.yandex.ru_2") started  	[MsgId: MMSG-26355]
Action.c(380): Redirecting "https://mail.yandex.ru/?uid=337788035" (redirection depth is 0)  	[MsgId: MMSG-26694]
Action.c(380): To location "https://passport.yandex.ru/auth?from=mail&origin=hostroot_homer_auth_L_ru&retpath=https%3A%2F%2Fmail.yandex.ru%2F%3Fuid%3D337788035&backpath=https%3A%2F%2Fmail.yandex.ru%3Fnoretpath%3D1"  	[MsgId: MMSG-26693]
Action.c(380): Error -27792: Failed to connect to server "passport.yandex.ru:443": [10060] Connection timed out  	[MsgId: MERR-27792]
Action.c(380): Error -35061: No match found for the requested parameter "reqid_2". Either the specified boundaries were not found in the response or the matched text is longer than current max html parameter size of 256 bytes. The total length of the response is 207 bytes. You can use "web_set_max_html_param_len" to increase the max parameter size.  	[MsgId: MERR-35061]
End auto log messages stack.


Start auto log messages stack - Iteration 81.
Action.c(34): Notify: Transaction "0_homepage" ended with a "Pass" status (Duration: 9,1076 Wasted Time: 0,0008).
Action.c(41): Notify: Transaction "1_login" started.
Action.c(50): web_reg_save_param_ex started  	[MsgId: MMSG-26355]
Action.c(50): Registering web_reg_save_param_ex was successful  	[MsgId: MMSG-26390]
Action.c(65): web_reg_save_param_ex started  	[MsgId: MMSG-26355]
Action.c(65): Registering web_reg_save_param_ex was successful  	[MsgId: MMSG-26390]
Action.c(80): web_reg_save_param_ex started  	[MsgId: MMSG-26355]
Action.c(80): Registering web_reg_save_param_ex was successful  	[MsgId: MMSG-26390]
Action.c(89): web_url("auth") started  	[MsgId: MMSG-26355]
Action.c(89): Error -27792: Failed to connect to server "passport.yandex.ru:443": [10060] Connection timed out  	[MsgId: MERR-27792]
Action.c(89): Error -35061: No match found for the requested parameter "csrf_token". Either the specified boundaries were not found in the response or the matched text is longer than current max html parameter size of 256 bytes. The total length of the response is 0 bytes. You can use "web_set_max_html_param_len" to increase the max parameter size.  	[MsgId: MERR-35061]
Action.c(89): Error -35061: No match found for the requested parameter "process_uuid". Either the specified boundaries were not found in the response or the matched text is longer than current max html parameter size of 256 bytes. The total length of the response is 0 bytes. You can use "web_set_max_html_param_len" to increase the max parameter size.  	[MsgId: MERR-35061]
Action.c(89): Error -35061: No match found for the requested parameter "reqid_1". Either the specified boundaries were not found in the response or the matched text is longer than current max html parameter size of 256 bytes. The total length of the response is 0 bytes. You can use "web_set_max_html_param_len" to increase the max parameter size.  	[MsgId: MERR-35061]
End auto log messages stack.


Start auto log messages stack - Iteration 104.
Starting action Action.
Action.c(3): Notify: Transaction "0_homepage" started.
Action.c(5): web_set_sockets_option started  	[MsgId: MMSG-26355]
Action.c(5): web_set_sockets_option was successful  	[MsgId: MMSG-26392]
Action.c(13): web_reg_save_param_ex started  	[MsgId: MMSG-26355]
Action.c(13): Registering web_reg_save_param_ex was successful  	[MsgId: MMSG-26390]
Action.c(23): web_url("mail.yandex.ru") started  	[MsgId: MMSG-26355]
Action.c(23): Redirecting "http://mail.yandex.ru/" (redirection depth is 0)  	[MsgId: MMSG-26694]
Action.c(23): To location "https://mail.yandex.ru/"  	[MsgId: MMSG-26693]
Action.c(23): Error -27792: Failed to connect to server "mail.yandex.ru:443": [10060] Connection timed out  	[MsgId: MERR-27792]
Action.c(23): Error -35061: No match found for the requested parameter "yu". Either the specified boundaries were not found in the response or the matched text is longer than current max html parameter size of 256 bytes. The total length of the response is 178 bytes. You can use "web_set_max_html_param_len" to increase the max parameter size.  	[MsgId: MERR-35061]
End auto log messages stack.


Start auto log messages stack - Iteration 87.
Action.c(229): Found resource "https://yastatic.net/s3/liza/_/csw.js" in HTML "https://mail.yandex.ru/"  	[MsgId: MMSG-26659]
Action.c(229): Found resource "https://yastatic.net/s3/liza/_/2a62b434352ed5b8e1e3-bootstrap.js" in HTML "https://mail.yandex.ru/"  	[MsgId: MMSG-26659]
Action.c(229): Found resource "https://yastatic.net/jquery/1.12.4/jquery.min.js" in HTML "https://mail.yandex.ru/"  	[MsgId: MMSG-26659]
Action.c(229): web_url("redirect") was successful, 248697 body bytes, 9720 header bytes, 88 chunking overhead bytes  	[MsgId: MMSG-26385]
Action.c(239): web_convert_param started  	[MsgId: MMSG-26355]
Action.c(239): web_convert_param was successful  	[MsgId: MMSG-26392]
Action.c(250): web_websocket_connect started  	[MsgId: MMSG-26355]
Action.c(250): Error -27792: Failed to connect to server "mail.yandex.ru:443": [10060] Connection timed out  	[MsgId: MERR-27792]
End auto log messages stack.


Start auto log messages stack - Iteration 108.
Action.c(229): Found resource "https://yastatic.net/s3/liza/_/csw.js" in HTML "https://mail.yandex.ru/"  	[MsgId: MMSG-26659]
Action.c(229): Found resource "https://yastatic.net/s3/liza/_/2a62b434352ed5b8e1e3-bootstrap.js" in HTML "https://mail.yandex.ru/"  	[MsgId: MMSG-26659]
Action.c(229): Found resource "https://yastatic.net/jquery/1.12.4/jquery.min.js" in HTML "https://mail.yandex.ru/"  	[MsgId: MMSG-26659]
Action.c(229): web_url("redirect") was successful, 247629 body bytes, 9488 header bytes, 71 chunking overhead bytes  	[MsgId: MMSG-26385]
Action.c(239): web_convert_param started  	[MsgId: MMSG-26355]
Action.c(239): web_convert_param was successful  	[MsgId: MMSG-26392]
Action.c(250): web_websocket_connect started  	[MsgId: MMSG-26355]
Action.c(250): Error -27792: Failed to connect to server "mail.yandex.ru:443": [10060] Connection timed out  	[MsgId: MERR-27792]
End auto log messages stack.


Start auto log messages stack - Iteration 109.
Action.c(34): Notify: Transaction "0_homepage" ended with a "Pass" status (Duration: 24,1080 Wasted Time: 0,0020).
Action.c(41): Notify: Transaction "1_login" started.
Action.c(50): web_reg_save_param_ex started  	[MsgId: MMSG-26355]
Action.c(50): Registering web_reg_save_param_ex was successful  	[MsgId: MMSG-26390]
Action.c(65): web_reg_save_param_ex started  	[MsgId: MMSG-26355]
Action.c(65): Registering web_reg_save_param_ex was successful  	[MsgId: MMSG-26390]
Action.c(80): web_reg_save_param_ex started  	[MsgId: MMSG-26355]
Action.c(80): Registering web_reg_save_param_ex was successful  	[MsgId: MMSG-26390]
Action.c(89): web_url("auth") started  	[MsgId: MMSG-26355]
Action.c(89): Error -27792: Failed to connect to server "passport.yandex.ru:443": [10060] Connection timed out  	[MsgId: MERR-27792]
Action.c(89): Error -35061: No match found for the requested parameter "csrf_token". Either the specified boundaries were not found in the response or the matched text is longer than current max html parameter size of 256 bytes. The total length of the response is 0 bytes. You can use "web_set_max_html_param_len" to increase the max parameter size.  	[MsgId: MERR-35061]
Action.c(89): Error -35061: No match found for the requested parameter "process_uuid". Either the specified boundaries were not found in the response or the matched text is longer than current max html parameter size of 256 bytes. The total length of the response is 0 bytes. You can use "web_set_max_html_param_len" to increase the max parameter size.  	[MsgId: MERR-35061]
Action.c(89): Error -35061: No match found for the requested parameter "reqid_1". Either the specified boundaries were not found in the response or the matched text is longer than current max html parameter size of 256 bytes. The total length of the response is 0 bytes. You can use "web_set_max_html_param_len" to increase the max parameter size.  	[MsgId: MERR-35061]
End auto log messages stack.


Start auto log messages stack - Iteration 111.
Action.c(229): Found resource "https://yastatic.net/s3/liza/_/2a62b434352ed5b8e1e3-bootstrap.js" in HTML "https://mail.yandex.ru/"  	[MsgId: MMSG-26659]
Action.c(229): web_url("redirect") was successful, 214992 body bytes, 8954 header bytes, 64 chunking overhead bytes  	[MsgId: MMSG-26385]
Action.c(239): web_convert_param started  	[MsgId: MMSG-26355]
Action.c(239): web_convert_param was successful  	[MsgId: MMSG-26392]
Action.c(250): web_websocket_connect started  	[MsgId: MMSG-26355]
Action.c(250): web_websocket_connect was successful, 148 body bytes, 708 header bytes, 11 chunking overhead bytes  	[MsgId: MMSG-26385]
Action.c(260): web_url("data") started  	[MsgId: MMSG-26355]
Action.c(260): Error -27792: Failed to connect to server "yandex.ru:443": [10060] Connection timed out  	[MsgId: MERR-27792]
End auto log messages stack.


Start auto log messages stack - Iteration 112.
Action.c(339): Notify: Transaction "4_send_message" ended with a "Pass" status (Duration: 0,5770).
Action.c(344): Notify: Transaction "5_logout" started.
Action.c(348): web_websocket_send started  	[MsgId: MMSG-26355]
Action.c(348): Warning -35046: The WebSocket whose ID is "0" is not connected  	[MsgId: MWAR-35046]
Action.c(348): web_websocket_send highest severity level was "warning"  	[MsgId: MMSG-26391]
Action.c(353): web_url("passport") started  	[MsgId: MMSG-26355]
Action.c(353): Redirecting "https://passport.yandex.ru/passport?mode=embeddedauth&action=logout&uid=337788035&yu=486881471575404740&retpath=https%3A%2F%2Fyandex.ru" (redirection depth is 0)  	[MsgId: MMSG-26694]
Action.c(353): To location "https://passport.yandex.ru/auth/finish/?track_id=e5ae7a92d31d5ff0cbb5d56fa877af3020"  	[MsgId: MMSG-26693]
Action.c(353): Error -27792: Failed to connect to server "passport.yandex.ru:443": [10060] Connection timed out  	[MsgId: MERR-27792]
End auto log messages stack.


Start auto log messages stack - Iteration 121.
Action.c(353): Found resource "https://yastatic.net/s3/home-static/_/v/l/vxr5Ld97vW_H32z2Gyj8Ob_G0.js" in HTML "https://yandex.ru"  	[MsgId: MMSG-26659]
Action.c(353): Resource "https://mc.yandex.ru/metrika/watch.js" is in the cache already and will not be downloaded again  	[MsgId: MMSG-26655]
Action.c(353): web_url("passport") was successful, 491124 body bytes, 12486 header bytes, 236 chunking overhead bytes  	[MsgId: MMSG-26385]
Action.c(370): web_reg_save_param_ex started  	[MsgId: MMSG-26355]
Action.c(370): Registering web_reg_save_param_ex was successful  	[MsgId: MMSG-26390]
Action.c(380): web_url("mail.yandex.ru_2") started  	[MsgId: MMSG-26355]
Action.c(380): Error -27792: Failed to connect to server "mail.yandex.ru:443": [10060] Connection timed out  	[MsgId: MERR-27792]
Action.c(380): Error -35061: No match found for the requested parameter "reqid_2". Either the specified boundaries were not found in the response or the matched text is longer than current max html parameter size of 256 bytes. The total length of the response is 0 bytes. You can use "web_set_max_html_param_len" to increase the max parameter size.  	[MsgId: MERR-35061]
End auto log messages stack.


Start auto log messages stack - Iteration 125.
Starting action Action.
Action.c(3): Notify: Transaction "0_homepage" started.
Action.c(5): web_set_sockets_option started  	[MsgId: MMSG-26355]
Action.c(5): web_set_sockets_option was successful  	[MsgId: MMSG-26392]
Action.c(13): web_reg_save_param_ex started  	[MsgId: MMSG-26355]
Action.c(13): Registering web_reg_save_param_ex was successful  	[MsgId: MMSG-26390]
Action.c(23): web_url("mail.yandex.ru") started  	[MsgId: MMSG-26355]
Action.c(23): Error -27792: Failed to connect to server "mail.yandex.ru:80": [10060] Connection timed out  	[MsgId: MERR-27792]
Action.c(23): Error -35061: No match found for the requested parameter "yu". Either the specified boundaries were not found in the response or the matched text is longer than current max html parameter size of 256 bytes. The total length of the response is 0 bytes. You can use "web_set_max_html_param_len" to increase the max parameter size.  	[MsgId: MERR-35061]
End auto log messages stack.


Start auto log messages stack - Iteration 103.
Action.c(353): web_url("passport") was successful, 489875 body bytes, 12246 header bytes, 284 chunking overhead bytes  	[MsgId: MMSG-26385]
Action.c(370): web_reg_save_param_ex started  	[MsgId: MMSG-26355]
Action.c(370): Registering web_reg_save_param_ex was successful  	[MsgId: MMSG-26390]
Action.c(380): web_url("mail.yandex.ru_2") started  	[MsgId: MMSG-26355]
Action.c(380): Redirecting "https://mail.yandex.ru/?uid=586221334" (redirection depth is 0)  	[MsgId: MMSG-26694]
Action.c(380): To location "https://passport.yandex.ru/auth?from=mail&origin=hostroot_homer_auth_L_ru&retpath=https%3A%2F%2Fmail.yandex.ru%2F%3Fuid%3D586221334&backpath=https%3A%2F%2Fmail.yandex.ru%3Fnoretpath%3D1"  	[MsgId: MMSG-26693]
Action.c(380): Error -27792: Failed to connect to server "passport.yandex.ru:443": [10060] Connection timed out  	[MsgId: MERR-27792]
Action.c(380): Error -35061: No match found for the requested parameter "reqid_2". Either the specified boundaries were not found in the response or the matched text is longer than current max html parameter size of 256 bytes. The total length of the response is 207 bytes. You can use "web_set_max_html_param_len" to increase the max parameter size.  	[MsgId: MERR-35061]
End auto log messages stack.


Start auto log messages stack - Iteration 126.
Action.c(229): Found resource "https://yastatic.net/s3/liza/_/csw.js" in HTML "https://mail.yandex.ru/"  	[MsgId: MMSG-26659]
Action.c(229): Found resource "https://yastatic.net/s3/liza/_/2a62b434352ed5b8e1e3-bootstrap.js" in HTML "https://mail.yandex.ru/"  	[MsgId: MMSG-26659]
Action.c(229): Found resource "https://yastatic.net/jquery/1.12.4/jquery.min.js" in HTML "https://mail.yandex.ru/"  	[MsgId: MMSG-26659]
Action.c(229): web_url("redirect") was successful, 247691 body bytes, 9779 header bytes, 129 chunking overhead bytes  	[MsgId: MMSG-26385]
Action.c(239): web_convert_param started  	[MsgId: MMSG-26355]
Action.c(239): web_convert_param was successful  	[MsgId: MMSG-26392]
Action.c(250): web_websocket_connect started  	[MsgId: MMSG-26355]
Action.c(250): Error -27792: Failed to connect to server "mail.yandex.ru:443": [10060] Connection timed out  	[MsgId: MERR-27792]
End auto log messages stack.


Start auto log messages stack - Iteration 106.
Action.c(229): Found resource "https://yastatic.net/jquery/1.12.4/jquery.min.js" in HTML "https://mail.yandex.ru/"  	[MsgId: MMSG-26659]
Action.c(229): web_url("redirect") was successful, 248840 body bytes, 9705 header bytes, 147 chunking overhead bytes  	[MsgId: MMSG-26385]
Action.c(239): web_convert_param started  	[MsgId: MMSG-26355]
Action.c(239): web_convert_param was successful  	[MsgId: MMSG-26392]
Action.c(250): web_websocket_connect started  	[MsgId: MMSG-26355]
Action.c(250): web_websocket_connect was successful, 148 body bytes, 708 header bytes, 11 chunking overhead bytes  	[MsgId: MMSG-26385]
Action.c(260): web_url("data") started  	[MsgId: MMSG-26355]
Action.c(260): Error -27792: Failed to connect to server "yandex.ru:443": [10060] Connection timed out  	[MsgId: MERR-27792]
End auto log messages stack.


Start auto log messages stack - Iteration 132.
Action.c(353): web_url("passport") was successful, 536973 body bytes, 12890 header bytes, 245 chunking overhead bytes  	[MsgId: MMSG-26385]
Action.c(370): web_reg_save_param_ex started  	[MsgId: MMSG-26355]
Action.c(370): Registering web_reg_save_param_ex was successful  	[MsgId: MMSG-26390]
Action.c(380): web_url("mail.yandex.ru_2") started  	[MsgId: MMSG-26355]
Action.c(380): Redirecting "https://mail.yandex.ru/?uid=337788035" (redirection depth is 0)  	[MsgId: MMSG-26694]
Action.c(380): To location "https://passport.yandex.ru/auth?from=mail&origin=hostroot_homer_auth_L_ru&retpath=https%3A%2F%2Fmail.yandex.ru%2F%3Fuid%3D337788035&backpath=https%3A%2F%2Fmail.yandex.ru%3Fnoretpath%3D1"  	[MsgId: MMSG-26693]
Action.c(380): Error -27792: Failed to connect to server "passport.yandex.ru:443": [10060] Connection timed out  	[MsgId: MERR-27792]
Action.c(380): Error -35061: No match found for the requested parameter "reqid_2". Either the specified boundaries were not found in the response or the matched text is longer than current max html parameter size of 256 bytes. The total length of the response is 207 bytes. You can use "web_set_max_html_param_len" to increase the max parameter size.  	[MsgId: MERR-35061]
End auto log messages stack.


