Start auto log messages stack - Iteration 11.
Starting action Action.
Action.c(3): Notify: Transaction "0_homepage" started.
Action.c(5): web_set_sockets_option started  	[MsgId: MMSG-26355]
Action.c(5): web_set_sockets_option was successful  	[MsgId: MMSG-26392]
Action.c(13): web_reg_save_param_ex started  	[MsgId: MMSG-26355]
Action.c(13): Registering web_reg_save_param_ex was successful  	[MsgId: MMSG-26390]
Action.c(23): web_reg_find started  	[MsgId: MMSG-26355]
Action.c(23): Registering web_reg_find was successful  	[MsgId: MMSG-26390]
Action.c(27): web_url("mail.yandex.ru") started  	[MsgId: MMSG-26355]
Action.c(27): Error -27792: Failed to connect to server "mail.yandex.ru:80": [10060] Connection timed out  	[MsgId: MERR-27792]
Action.c(27): Error -35061: No match found for the requested parameter "yu". Either the specified boundaries were not found in the response or the matched text is longer than current max html parameter size of 256 bytes. The total length of the response is 0 bytes. You can use "web_set_max_html_param_len" to increase the max parameter size.  	[MsgId: MERR-35061]
Action.c(27): Error -26366: "Text=Яндекс.Почта" not found for web_reg_find  	[MsgId: MERR-26366]
Action.c(27): Error -26374: The above "not found" error(s) may be explained by header and body byte counts being 0 and 0, respectively.  	[MsgId: MERR-26374]
End auto log messages stack.


Start auto log messages stack - Iteration 12.
Action.c(237): Found resource "https://yastatic.net/s3/liza/_/csw.js" in HTML "https://mail.yandex.ru/"  	[MsgId: MMSG-26659]
Action.c(237): Found resource "https://yastatic.net/s3/liza/_/30cc63fb090af82891f9-bootstrap.js" in HTML "https://mail.yandex.ru/"  	[MsgId: MMSG-26659]
Action.c(237): Found resource "https://yastatic.net/jquery/1.12.4/jquery.min.js" in HTML "https://mail.yandex.ru/"  	[MsgId: MMSG-26659]
Action.c(237): web_url("redirect") was successful, 246395 body bytes, 10138 header bytes, 114 chunking overhead bytes  	[MsgId: MMSG-26385]
Action.c(247): web_convert_param started  	[MsgId: MMSG-26355]
Action.c(247): web_convert_param was successful  	[MsgId: MMSG-26392]
Action.c(258): web_websocket_connect started  	[MsgId: MMSG-26355]
Action.c(258): Error -27792: Failed to connect to server "mail.yandex.ru:443": [10060] Connection timed out  	[MsgId: MERR-27792]
End auto log messages stack.


Start auto log messages stack - Iteration 12.
Action.c(237): Found resource "https://yastatic.net/s3/liza/_/csw.js" in HTML "https://mail.yandex.ru/"  	[MsgId: MMSG-26659]
Action.c(237): Found resource "https://yastatic.net/s3/liza/_/30cc63fb090af82891f9-bootstrap.js" in HTML "https://mail.yandex.ru/"  	[MsgId: MMSG-26659]
Action.c(237): Found resource "https://yastatic.net/jquery/1.12.4/jquery.min.js" in HTML "https://mail.yandex.ru/"  	[MsgId: MMSG-26659]
Action.c(237): web_url("redirect") was successful, 245607 body bytes, 10158 header bytes, 144 chunking overhead bytes  	[MsgId: MMSG-26385]
Action.c(247): web_convert_param started  	[MsgId: MMSG-26355]
Action.c(247): web_convert_param was successful  	[MsgId: MMSG-26392]
Action.c(258): web_websocket_connect started  	[MsgId: MMSG-26355]
Action.c(258): Error -27792: Failed to connect to server "mail.yandex.ru:443": [10060] Connection timed out  	[MsgId: MERR-27792]
End auto log messages stack.


Start auto log messages stack - Iteration 13.
Starting action Action.
Action.c(3): Notify: Transaction "0_homepage" started.
Action.c(5): web_set_sockets_option started  	[MsgId: MMSG-26355]
Action.c(5): web_set_sockets_option was successful  	[MsgId: MMSG-26392]
Action.c(13): web_reg_save_param_ex started  	[MsgId: MMSG-26355]
Action.c(13): Registering web_reg_save_param_ex was successful  	[MsgId: MMSG-26390]
Action.c(23): web_reg_find started  	[MsgId: MMSG-26355]
Action.c(23): Registering web_reg_find was successful  	[MsgId: MMSG-26390]
Action.c(27): web_url("mail.yandex.ru") started  	[MsgId: MMSG-26355]
Action.c(27): Error -27792: Failed to connect to server "mail.yandex.ru:80": [10060] Connection timed out  	[MsgId: MERR-27792]
Action.c(27): Error -35061: No match found for the requested parameter "yu". Either the specified boundaries were not found in the response or the matched text is longer than current max html parameter size of 256 bytes. The total length of the response is 0 bytes. You can use "web_set_max_html_param_len" to increase the max parameter size.  	[MsgId: MERR-35061]
Action.c(27): Error -26366: "Text=Яндекс.Почта" not found for web_reg_find  	[MsgId: MERR-26366]
Action.c(27): Error -26374: The above "not found" error(s) may be explained by header and body byte counts being 0 and 0, respectively.  	[MsgId: MERR-26374]
End auto log messages stack.


Start auto log messages stack - Iteration 13.
Action.c(5): web_set_sockets_option started  	[MsgId: MMSG-26355]
Action.c(5): web_set_sockets_option was successful  	[MsgId: MMSG-26392]
Action.c(13): web_reg_save_param_ex started  	[MsgId: MMSG-26355]
Action.c(13): Registering web_reg_save_param_ex was successful  	[MsgId: MMSG-26390]
Action.c(23): web_reg_find started  	[MsgId: MMSG-26355]
Action.c(23): Registering web_reg_find was successful  	[MsgId: MMSG-26390]
Action.c(27): web_url("mail.yandex.ru") started  	[MsgId: MMSG-26355]
Action.c(27): Redirecting "http://mail.yandex.ru/" (redirection depth is 0)  	[MsgId: MMSG-26694]
Action.c(27): To location "https://mail.yandex.ru/"  	[MsgId: MMSG-26693]
Action.c(27): Error -27792: Failed to connect to server "mail.yandex.ru:443": [10060] Connection timed out  	[MsgId: MERR-27792]
Action.c(27): Error -35061: No match found for the requested parameter "yu". Either the specified boundaries were not found in the response or the matched text is longer than current max html parameter size of 256 bytes. The total length of the response is 178 bytes. You can use "web_set_max_html_param_len" to increase the max parameter size.  	[MsgId: MERR-35061]
Action.c(27): Error -26366: "Text=Яндекс.Почта" not found for web_reg_find  	[MsgId: MERR-26366]
End auto log messages stack.


Start auto log messages stack - Iteration 14.
Action.c(5): web_set_sockets_option started  	[MsgId: MMSG-26355]
Action.c(5): web_set_sockets_option was successful  	[MsgId: MMSG-26392]
Action.c(13): web_reg_save_param_ex started  	[MsgId: MMSG-26355]
Action.c(13): Registering web_reg_save_param_ex was successful  	[MsgId: MMSG-26390]
Action.c(23): web_reg_find started  	[MsgId: MMSG-26355]
Action.c(23): Registering web_reg_find was successful  	[MsgId: MMSG-26390]
Action.c(27): web_url("mail.yandex.ru") started  	[MsgId: MMSG-26355]
Action.c(27): Redirecting "http://mail.yandex.ru/" (redirection depth is 0)  	[MsgId: MMSG-26694]
Action.c(27): To location "https://mail.yandex.ru/"  	[MsgId: MMSG-26693]
Action.c(27): Error -27792: Failed to connect to server "mail.yandex.ru:443": [10060] Connection timed out  	[MsgId: MERR-27792]
Action.c(27): Error -35061: No match found for the requested parameter "yu". Either the specified boundaries were not found in the response or the matched text is longer than current max html parameter size of 256 bytes. The total length of the response is 178 bytes. You can use "web_set_max_html_param_len" to increase the max parameter size.  	[MsgId: MERR-35061]
Action.c(27): Error -26366: "Text=Яндекс.Почта" not found for web_reg_find  	[MsgId: MERR-26366]
End auto log messages stack.


